2019-07-19 10:37:13,712 DEBUG (DatabaseNeoConnection.java:27) [main] - Java JDBC PostgreSQL Example
2019-07-19 10:37:13,745 DEBUG (DatabaseNeoConnection.java:28) [main] - Connected to PostgreSQL database!
2019-07-19 10:37:13,759 DEBUG (DatabaseNeoConnection.java:30) [main] - Reading car records...
2019-07-19 10:37:13,788 DEBUG (DatabaseNeoConnection.java:33) [main] - | ID: 1843 	| ACTIVE: false 	| IMEI: 990004812906513 	| MSISDN: 8296193835 	| ACCOUNT_ID: 1697 	| CREATION_DATE: 2018-08-09 	| OS: null 	| DEVICE_NAME: null
2019-07-19 10:37:13,789 DEBUG (DatabaseNeoConnection.java:33) [main] - | ID: 721 	| ACTIVE: false 	| IMEI: 358784080004622 	| MSISDN: 8099521818 	| ACCOUNT_ID: 710 	| CREATION_DATE: 2018-06-22 	| OS: null 	| DEVICE_NAME: null
2019-07-19 10:37:13,790 DEBUG (DatabaseNeoConnection.java:33) [main] - | ID: 1698 	| ACTIVE: true 	| IMEI: 358809070882594 	| MSISDN: 8296193835 	| ACCOUNT_ID: 1697 	| CREATION_DATE: 2018-08-07 	| OS: null 	| DEVICE_NAME: null
2019-07-19 10:37:13,791 DEBUG (DatabaseNeoConnection.java:33) [main] - | ID: 711 	| ACTIVE: true 	| IMEI: 353683063071662 	| MSISDN: 8099521818 	| ACCOUNT_ID: 710 	| CREATION_DATE: 2018-06-22 	| OS: null 	| DEVICE_NAME: null
2019-07-19 10:37:13,791 DEBUG (DatabaseNeoConnection.java:33) [main] - | ID: 5359 	| ACTIVE: false 	| IMEI: 357537083228064 	| MSISDN: 8297556593 	| ACCOUNT_ID: 5312 	| CREATION_DATE: 2019-02-25 	| OS: null 	| DEVICE_NAME: null
2019-07-19 10:37:13,792 DEBUG (DatabaseNeoConnection.java:33) [main] - | ID: 5638 	| ACTIVE: false 	| IMEI: 5497569754100491 	| MSISDN: 8298679985 	| ACCOUNT_ID: 5409 	| CREATION_DATE: 2019-03-04 	| OS: null 	| DEVICE_NAME: null
2019-07-19 10:37:13,793 DEBUG (DatabaseNeoConnection.java:33) [main] - | ID: 715 	| ACTIVE: false 	| IMEI: 353683063071662 	| MSISDN: 8097962078 	| ACCOUNT_ID: 610 	| CREATION_DATE: 2018-06-22 	| OS: null 	| DEVICE_NAME: null
2019-07-19 10:37:13,793 DEBUG (DatabaseNeoConnection.java:33) [main] - | ID: 2065 	| ACTIVE: false 	| IMEI: 5b346ecb-e843-413b-ba66-34ff18b8376e 	| MSISDN: 8496558431 	| ACCOUNT_ID: 2060 	| CREATION_DATE: 2018-08-14 	| OS: null 	| DEVICE_NAME: null
2019-07-19 10:37:13,794 DEBUG (DatabaseNeoConnection.java:33) [main] - | ID: 1138 	| ACTIVE: false 	| IMEI: 356017073213997 	| MSISDN: 8092577700 	| ACCOUNT_ID: 809 	| CREATION_DATE: 2018-07-27 	| OS: null 	| DEVICE_NAME: null
2019-07-19 10:37:13,795 DEBUG (DatabaseNeoConnection.java:33) [main] - | ID: 1971 	| ACTIVE: true 	| IMEI: 355976082516669 	| MSISDN: 8095020002 	| ACCOUNT_ID: 1970 	| CREATION_DATE: 2018-08-10 	| OS: null 	| DEVICE_NAME: null
2019-07-19 10:37:13,795 DEBUG (DatabaseNeoConnection.java:33) [main] - | ID: 5644 	| ACTIVE: false 	| IMEI: 9850529856549957 	| MSISDN: 8298679985 	| ACCOUNT_ID: 5409 	| CREATION_DATE: 2019-03-04 	| OS: null 	| DEVICE_NAME: null
2019-07-19 10:37:13,796 DEBUG (DatabaseNeoConnection.java:33) [main] - | ID: 2127 	| ACTIVE: false 	| IMEI: 358809070882594 	| MSISDN: 8496558431 	| ACCOUNT_ID: 2060 	| CREATION_DATE: 2018-08-17 	| OS: null 	| DEVICE_NAME: null
2019-07-19 10:37:13,796 DEBUG (DatabaseNeoConnection.java:33) [main] - | ID: 797 	| ACTIVE: true 	| IMEI: 354626099357620 	| MSISDN: 8095550001 	| ACCOUNT_ID: 796 	| CREATION_DATE: 2018-07-11 	| OS: null 	| DEVICE_NAME: null
2019-07-19 10:37:13,797 DEBUG (DatabaseNeoConnection.java:33) [main] - | ID: 801 	| ACTIVE: true 	| IMEI: 355257094093793 	| MSISDN: 8095550002 	| ACCOUNT_ID: 800 	| CREATION_DATE: 2018-07-11 	| OS: null 	| DEVICE_NAME: null
2019-07-19 10:37:13,797 DEBUG (DatabaseNeoConnection.java:33) [main] - | ID: 805 	| ACTIVE: true 	| IMEI: 354626099344297 	| MSISDN: 8095550003 	| ACCOUNT_ID: 804 	| CREATION_DATE: 2018-07-11 	| OS: null 	| DEVICE_NAME: null
2019-07-19 10:37:13,798 DEBUG (DatabaseNeoConnection.java:33) [main] - | ID: 611 	| ACTIVE: false 	| IMEI: 356017073213997 	| MSISDN: 8097962078 	| ACCOUNT_ID: 610 	| CREATION_DATE: 2018-06-15 	| OS: null 	| DEVICE_NAME: null
2019-07-19 10:37:13,798 DEBUG (DatabaseNeoConnection.java:33) [main] - | ID: 2132 	| ACTIVE: false 	| IMEI: 0235adb8-074b-4bc5-82d5-698c2de51041 	| MSISDN: 8496558431 	| ACCOUNT_ID: 2060 	| CREATION_DATE: 2018-08-17 	| OS: null 	| DEVICE_NAME: null
2019-07-19 10:37:13,799 DEBUG (DatabaseNeoConnection.java:33) [main] - | ID: 2030 	| ACTIVE: false 	| IMEI: 012345678901234 	| MSISDN: 8293451276 	| ACCOUNT_ID: 1263 	| CREATION_DATE: 2018-08-13 	| OS: null 	| DEVICE_NAME: null
2019-07-19 10:37:13,799 DEBUG (DatabaseNeoConnection.java:33) [main] - | ID: 2141 	| ACTIVE: false 	| IMEI: e0985aa3-62ba-4f13-a95f-8cbf0b41155f 	| MSISDN: 8496558431 	| ACCOUNT_ID: 2060 	| CREATION_DATE: 2018-08-20 	| OS: null 	| DEVICE_NAME: null
2019-07-19 10:37:13,800 DEBUG (DatabaseNeoConnection.java:33) [main] - | ID: 2101 	| ACTIVE: true 	| IMEI: 012345678901234 	| MSISDN: 8496558431 	| ACCOUNT_ID: 2060 	| CREATION_DATE: 2018-08-17 	| OS: null 	| DEVICE_NAME: null
2019-07-19 10:37:13,800 DEBUG (DatabaseNeoConnection.java:33) [main] - | ID: 5766 	| ACTIVE: false 	| IMEI: 5055565053525153 	| MSISDN: 8298679985 	| ACCOUNT_ID: 5409 	| CREATION_DATE: 2019-03-05 	| OS: null 	| DEVICE_NAME: null
2019-07-19 10:37:13,801 DEBUG (DatabaseNeoConnection.java:33) [main] - | ID: 5674 	| ACTIVE: false 	| IMEI: 5550995210055539 	| MSISDN: 8298679985 	| ACCOUNT_ID: 5409 	| CREATION_DATE: 2019-03-04 	| OS: null 	| DEVICE_NAME: null
2019-07-19 10:37:13,802 DEBUG (DatabaseNeoConnection.java:33) [main] - | ID: 5861 	| ACTIVE: false 	| IMEI: 9848974955535652 	| MSISDN: 8298679985 	| ACCOUNT_ID: 5409 	| CREATION_DATE: 2019-03-19 	| OS: null 	| DEVICE_NAME: null
2019-07-19 10:37:13,802 DEBUG (DatabaseNeoConnection.java:33) [main] - | ID: 2425 	| ACTIVE: false 	| IMEI: 65080f79-4d50-4c2f-b945-3ce4fb99539b 	| MSISDN: 8298991772 	| ACCOUNT_ID: 2424 	| CREATION_DATE: 2018-08-29 	| OS: null 	| DEVICE_NAME: null
2019-07-19 10:37:13,803 DEBUG (DatabaseNeoConnection.java:33) [main] - | ID: 2249 	| ACTIVE: false 	| IMEI: aedf234b-a8da-4a0d-b901-f1fc483defc4 	| MSISDN: 8293451276 	| ACCOUNT_ID: 1263 	| CREATION_DATE: 2018-08-28 	| OS: null 	| DEVICE_NAME: null
2019-07-19 10:37:13,803 DEBUG (DatabaseNeoConnection.java:33) [main] - | ID: 1356 	| ACTIVE: true 	| IMEI: 358809070882594 	| MSISDN: 8297553510 	| ACCOUNT_ID: 1355 	| CREATION_DATE: 2018-08-03 	| OS: null 	| DEVICE_NAME: null
2019-07-19 10:37:13,804 DEBUG (DatabaseNeoConnection.java:33) [main] - | ID: 5597 	| ACTIVE: false 	| IMEI: 1009997511029799 	| MSISDN: 8298679985 	| ACCOUNT_ID: 5409 	| CREATION_DATE: 2019-03-01 	| OS: null 	| DEVICE_NAME: null
2019-07-19 10:37:13,804 DEBUG (DatabaseNeoConnection.java:33) [main] - | ID: 824 	| ACTIVE: false 	| IMEI: 358809070882594 	| MSISDN: 8092577700 	| ACCOUNT_ID: 809 	| CREATION_DATE: 2018-07-13 	| OS: null 	| DEVICE_NAME: null
2019-07-19 10:37:13,805 DEBUG (DatabaseNeoConnection.java:33) [main] - | ID: 1270 	| ACTIVE: false 	| IMEI: 990004812906513 	| MSISDN: 8293451276 	| ACCOUNT_ID: 1263 	| CREATION_DATE: 2018-08-03 	| OS: null 	| DEVICE_NAME: null
2019-07-19 10:37:13,805 DEBUG (DatabaseNeoConnection.java:33) [main] - | ID: 2665 	| ACTIVE: false 	| IMEI: d4b5dce4-c9ba-4cd7-bb7c-5019d844f8e4 	| MSISDN: 8298991772 	| ACCOUNT_ID: 2424 	| CREATION_DATE: 2018-09-20 	| OS: null 	| DEVICE_NAME: null
2019-07-19 10:37:13,806 DEBUG (DatabaseNeoConnection.java:33) [main] - | ID: 2281 	| ACTIVE: false 	| IMEI: 69505a7c-1261-4e42-b326-f7989b278add 	| MSISDN: 8293451276 	| ACCOUNT_ID: 1263 	| CREATION_DATE: 2018-08-28 	| OS: null 	| DEVICE_NAME: null
2019-07-19 10:37:13,807 DEBUG (DatabaseNeoConnection.java:33) [main] - | ID: 1172 	| ACTIVE: true 	| IMEI: 861956030424551 	| MSISDN: 8094380771 	| ACCOUNT_ID: 1171 	| CREATION_DATE: 2018-07-30 	| OS: null 	| DEVICE_NAME: null
2019-07-19 10:37:13,807 DEBUG (DatabaseNeoConnection.java:33) [main] - | ID: 5494 	| ACTIVE: false 	| IMEI: 5252985297484898 	| MSISDN: 8298679985 	| ACCOUNT_ID: 5409 	| CREATION_DATE: 2019-03-01 	| OS: null 	| DEVICE_NAME: null
2019-07-19 10:37:13,807 DEBUG (DatabaseNeoConnection.java:33) [main] - | ID: 5481 	| ACTIVE: false 	| IMEI: 5557485757985755 	| MSISDN: 8298679985 	| ACCOUNT_ID: 5409 	| CREATION_DATE: 2019-03-01 	| OS: null 	| DEVICE_NAME: null
2019-07-19 10:37:13,808 DEBUG (DatabaseNeoConnection.java:33) [main] - | ID: 810 	| ACTIVE: false 	| IMEI: 358784080004622 	| MSISDN: 8092577700 	| ACCOUNT_ID: 809 	| CREATION_DATE: 2018-07-12 	| OS: null 	| DEVICE_NAME: null
2019-07-19 10:37:13,808 DEBUG (DatabaseNeoConnection.java:33) [main] - | ID: 2321 	| ACTIVE: false 	| IMEI: 359871063550389 	| MSISDN: 8293451276 	| ACCOUNT_ID: 1263 	| CREATION_DATE: 2018-08-28 	| OS: null 	| DEVICE_NAME: null
2019-07-19 10:37:13,809 DEBUG (DatabaseNeoConnection.java:33) [main] - | ID: 5529 	| ACTIVE: false 	| IMEI: 4949101974953975 	| MSISDN: 8298679985 	| ACCOUNT_ID: 5409 	| CREATION_DATE: 2019-03-01 	| OS: null 	| DEVICE_NAME: null
2019-07-19 10:37:13,809 DEBUG (DatabaseNeoConnection.java:33) [main] - | ID: 2545 	| ACTIVE: false 	| IMEI: 622b4f7f-7975-4b5e-a27c-346a53072b57 	| MSISDN: 8298991772 	| ACCOUNT_ID: 2424 	| CREATION_DATE: 2018-09-07 	| OS: null 	| DEVICE_NAME: null
2019-07-19 10:37:13,810 DEBUG (DatabaseNeoConnection.java:33) [main] - | ID: 813 	| ACTIVE: false 	| IMEI: 359667074890503 	| MSISDN: 8097962078 	| ACCOUNT_ID: 610 	| CREATION_DATE: 2018-07-12 	| OS: null 	| DEVICE_NAME: null
2019-07-19 10:37:13,811 DEBUG (DatabaseNeoConnection.java:33) [main] - | ID: 2253 	| ACTIVE: false 	| IMEI: 13b22fbe-be19-467e-a0fd-89b3dda57a51 	| MSISDN: 8293451276 	| ACCOUNT_ID: 1263 	| CREATION_DATE: 2018-08-28 	| OS: null 	| DEVICE_NAME: null
2019-07-19 10:37:13,812 DEBUG (DatabaseNeoConnection.java:33) [main] - | ID: 713 	| ACTIVE: false 	| IMEI: 353257063972839 	| MSISDN: 8099521818 	| ACCOUNT_ID: 710 	| CREATION_DATE: 2018-06-22 	| OS: null 	| DEVICE_NAME: null
2019-07-19 10:37:13,812 DEBUG (DatabaseNeoConnection.java:33) [main] - | ID: 852 	| ACTIVE: true 	| IMEI: 358809070882594 	| MSISDN: 8097962078 	| ACCOUNT_ID: 610 	| CREATION_DATE: 2018-07-18 	| OS: null 	| DEVICE_NAME: null
2019-07-19 10:37:13,813 DEBUG (DatabaseNeoConnection.java:33) [main] - | ID: 2270 	| ACTIVE: false 	| IMEI: 4a006dd1-dea9-4ae3-88c8-85b8300a7dc7 	| MSISDN: 8293451276 	| ACCOUNT_ID: 1263 	| CREATION_DATE: 2018-08-28 	| OS: null 	| DEVICE_NAME: null
2019-07-19 10:37:13,814 DEBUG (DatabaseNeoConnection.java:33) [main] - | ID: 5719 	| ACTIVE: false 	| IMEI: 5251481009748531 	| MSISDN: 8298679985 	| ACCOUNT_ID: 5409 	| CREATION_DATE: 2019-03-04 	| OS: null 	| DEVICE_NAME: null
2019-07-19 10:37:13,815 DEBUG (DatabaseNeoConnection.java:33) [main] - | ID: 2274 	| ACTIVE: false 	| IMEI: 485500a7-0cb6-4d2c-b160-8f6a1a8ebe42 	| MSISDN: 8293451276 	| ACCOUNT_ID: 1263 	| CREATION_DATE: 2018-08-28 	| OS: null 	| DEVICE_NAME: null
2019-07-19 10:37:13,818 DEBUG (DatabaseNeoConnection.java:33) [main] - | ID: 5613 	| ACTIVE: false 	| IMEI: 5051505053101985 	| MSISDN: 8298679985 	| ACCOUNT_ID: 5409 	| CREATION_DATE: 2019-03-01 	| OS: null 	| DEVICE_NAME: null
2019-07-19 10:37:13,819 DEBUG (DatabaseNeoConnection.java:33) [main] - | ID: 5740 	| ACTIVE: false 	| IMEI: 4849981011005357 	| MSISDN: 8298679985 	| ACCOUNT_ID: 5409 	| CREATION_DATE: 2019-03-05 	| OS: null 	| DEVICE_NAME: null
2019-07-19 10:37:13,820 DEBUG (DatabaseNeoConnection.java:33) [main] - | ID: 5811 	| ACTIVE: false 	| IMEI: 9999539997525610 	| MSISDN: 8298679985 	| ACCOUNT_ID: 5409 	| CREATION_DATE: 2019-03-12 	| OS: null 	| DEVICE_NAME: null
2019-07-19 10:37:13,823 DEBUG (DatabaseNeoConnection.java:33) [main] - | ID: 2728 	| ACTIVE: false 	| IMEI: 6d0bab42-f206-4eff-8fa4-caaca1f6ef82 	| MSISDN: 8296487404 	| ACCOUNT_ID: 2565 	| CREATION_DATE: 2018-09-20 	| OS: null 	| DEVICE_NAME: null
2019-07-19 10:37:13,823 DEBUG (DatabaseNeoConnection.java:33) [main] - | ID: 2566 	| ACTIVE: false 	| IMEI: 359871063550389 	| MSISDN: 8296487404 	| ACCOUNT_ID: 2565 	| CREATION_DATE: 2018-09-07 	| OS: null 	| DEVICE_NAME: null
2019-07-19 10:37:13,824 DEBUG (DatabaseNeoConnection.java:33) [main] - | ID: 2061 	| ACTIVE: false 	| IMEI: e9c8a756-e00a-48cb-a08a-c5e70cf9ed8b 	| MSISDN: 8496558431 	| ACCOUNT_ID: 2060 	| CREATION_DATE: 2018-08-14 	| OS: null 	| DEVICE_NAME: null
2019-07-19 10:37:13,826 DEBUG (DatabaseNeoConnection.java:33) [main] - | ID: 5744 	| ACTIVE: false 	| IMEI: 5110299559910153 	| MSISDN: 8298679985 	| ACCOUNT_ID: 5409 	| CREATION_DATE: 2019-03-05 	| OS: null 	| DEVICE_NAME: null
2019-07-19 10:37:13,827 DEBUG (DatabaseNeoConnection.java:33) [main] - | ID: 5748 	| ACTIVE: false 	| IMEI: 9952984948535251 	| MSISDN: 8298679985 	| ACCOUNT_ID: 5409 	| CREATION_DATE: 2019-03-05 	| OS: null 	| DEVICE_NAME: null
2019-07-19 10:37:13,827 DEBUG (DatabaseNeoConnection.java:33) [main] - | ID: 5887 	| ACTIVE: false 	| IMEI: 5255975552524997 	| MSISDN: 8298679985 	| ACCOUNT_ID: 5409 	| CREATION_DATE: 2019-03-21 	| OS: null 	| DEVICE_NAME: null
2019-07-19 10:37:13,828 DEBUG (DatabaseNeoConnection.java:33) [main] - | ID: 2751 	| ACTIVE: false 	| IMEI: df21801d-9109-4717-b06b-c6fa64fba91a 	| MSISDN: 8296487404 	| ACCOUNT_ID: 2565 	| CREATION_DATE: 2018-09-25 	| OS: null 	| DEVICE_NAME: null
2019-07-19 10:37:13,829 DEBUG (DatabaseNeoConnection.java:33) [main] - | ID: 6108 	| ACTIVE: false 	| IMEI: 1019957535510257 	| MSISDN: 8296386677 	| ACCOUNT_ID: 5998 	| CREATION_DATE: 2019-04-12 	| OS: null 	| DEVICE_NAME: null
2019-07-19 10:37:13,830 DEBUG (DatabaseNeoConnection.java:33) [main] - | ID: 6112 	| ACTIVE: false 	| IMEI: 351815080107176 	| MSISDN: 8296386677 	| ACCOUNT_ID: 5998 	| CREATION_DATE: 2019-04-12 	| OS: null 	| DEVICE_NAME: null
2019-07-19 10:37:13,830 DEBUG (DatabaseNeoConnection.java:33) [main] - | ID: 5978 	| ACTIVE: false 	| IMEI: 5599515010299102 	| MSISDN: 8298679985 	| ACCOUNT_ID: 5409 	| CREATION_DATE: 2019-03-28 	| OS: null 	| DEVICE_NAME: null
2019-07-19 10:37:13,831 DEBUG (DatabaseNeoConnection.java:33) [main] - | ID: 2303 	| ACTIVE: false 	| IMEI: 02db6834-718b-4a9f-94ff-47e9b62e6c01 	| MSISDN: 8296193835 	| ACCOUNT_ID: 1697 	| CREATION_DATE: 2018-08-28 	| OS: null 	| DEVICE_NAME: null
2019-07-19 10:37:13,832 DEBUG (DatabaseNeoConnection.java:33) [main] - | ID: 5968 	| ACTIVE: false 	| IMEI: 5699544856515450 	| MSISDN: 8298679985 	| ACCOUNT_ID: 5409 	| CREATION_DATE: 2019-03-28 	| OS: null 	| DEVICE_NAME: null
2019-07-19 10:37:13,832 DEBUG (DatabaseNeoConnection.java:33) [main] - | ID: 6150 	| ACTIVE: false 	| IMEI: 351815080107176 	| MSISDN: 8297556593 	| ACCOUNT_ID: 5312 	| CREATION_DATE: 2019-04-22 	| OS: null 	| DEVICE_NAME: null
2019-07-19 10:37:13,841 DEBUG (DatabaseNeoConnection.java:33) [main] - | ID: 6116 	| ACTIVE: false 	| IMEI: 5310050515456504 	| MSISDN: 8296386677 	| ACCOUNT_ID: 5998 	| CREATION_DATE: 2019-04-12 	| OS: null 	| DEVICE_NAME: null
2019-07-19 10:37:13,842 DEBUG (DatabaseNeoConnection.java:33) [main] - | ID: 6135 	| ACTIVE: false 	| IMEI: 352637071077591 	| MSISDN: 8094624948 	| ACCOUNT_ID: 6087 	| CREATION_DATE: 2019-04-12 	| OS: null 	| DEVICE_NAME: null
2019-07-19 10:37:13,842 DEBUG (DatabaseNeoConnection.java:33) [main] - | ID: 6053 	| ACTIVE: false 	| IMEI: 1025150102545199 	| MSISDN: 8297556593 	| ACCOUNT_ID: 5312 	| CREATION_DATE: 2019-04-04 	| OS: null 	| DEVICE_NAME: null
2019-07-19 10:37:13,843 DEBUG (DatabaseNeoConnection.java:33) [main] - | ID: 2942 	| ACTIVE: false 	| IMEI: 352637070606069 	| MSISDN: 8296487404 	| ACCOUNT_ID: 2565 	| CREATION_DATE: 2018-10-03 	| OS: null 	| DEVICE_NAME: null
2019-07-19 10:37:13,843 DEBUG (DatabaseNeoConnection.java:33) [main] - | ID: 3005 	| ACTIVE: true 	| IMEI: 356938035643809 	| MSISDN: 8296487404 	| ACCOUNT_ID: 2565 	| CREATION_DATE: 2018-10-11 	| OS: null 	| DEVICE_NAME: null
2019-07-19 10:37:13,844 DEBUG (DatabaseNeoConnection.java:33) [main] - | ID: 1264 	| ACTIVE: true 	| IMEI: 358809070882594 	| MSISDN: 8293451276 	| ACCOUNT_ID: 1263 	| CREATION_DATE: 2018-08-02 	| OS: null 	| DEVICE_NAME: null
2019-07-19 10:37:13,844 DEBUG (DatabaseNeoConnection.java:33) [main] - | ID: 4342 	| ACTIVE: true 	| IMEI: 356904090470942 	| MSISDN: 8092577700 	| ACCOUNT_ID: 809 	| CREATION_DATE: 2019-01-08 	| OS: null 	| DEVICE_NAME: null
2019-07-19 10:37:13,845 DEBUG (DatabaseNeoConnection.java:33) [main] - | ID: 3096 	| ACTIVE: false 	| IMEI: 5052995150100102 	| MSISDN: 8298991772 	| ACCOUNT_ID: 2424 	| CREATION_DATE: 2018-10-15 	| OS: null 	| DEVICE_NAME: null
2019-07-19 10:37:13,845 DEBUG (DatabaseNeoConnection.java:33) [main] - | ID: 2695 	| ACTIVE: false 	| IMEI: 643f8860-78fd-4eec-bfaf-a9fecbfb374e 	| MSISDN: 8298991772 	| ACCOUNT_ID: 2424 	| CREATION_DATE: 2018-09-20 	| OS: null 	| DEVICE_NAME: null
2019-07-19 10:37:13,846 DEBUG (DatabaseNeoConnection.java:33) [main] - | ID: 5313 	| ACTIVE: false 	| IMEI: 5052100495256569 	| MSISDN: 8297556593 	| ACCOUNT_ID: 5312 	| CREATION_DATE: 2019-02-25 	| OS: null 	| DEVICE_NAME: null
2019-07-19 10:37:13,846 DEBUG (DatabaseNeoConnection.java:33) [main] - | ID: 5650 	| ACTIVE: false 	| IMEI: 5453102102985710 	| MSISDN: 8298679985 	| ACCOUNT_ID: 5409 	| CREATION_DATE: 2019-03-04 	| OS: null 	| DEVICE_NAME: null
2019-07-19 10:37:13,847 DEBUG (DatabaseNeoConnection.java:33) [main] - | ID: 6038 	| ACTIVE: false 	| IMEI: 5348101511021025 	| MSISDN: 8297556593 	| ACCOUNT_ID: 5312 	| CREATION_DATE: 2019-04-02 	| OS: null 	| DEVICE_NAME: null
2019-07-19 10:37:13,847 DEBUG (DatabaseNeoConnection.java:33) [main] - | ID: 5410 	| ACTIVE: false 	| IMEI: 9956561005551539 	| MSISDN: 8298679985 	| ACCOUNT_ID: 5409 	| CREATION_DATE: 2019-02-26 	| OS: null 	| DEVICE_NAME: null
2019-07-19 10:37:13,847 DEBUG (DatabaseNeoConnection.java:33) [main] - | ID: 5853 	| ACTIVE: false 	| IMEI: 5610057981025651 	| MSISDN: 8298679985 	| ACCOUNT_ID: 5409 	| CREATION_DATE: 2019-03-19 	| OS: null 	| DEVICE_NAME: null
2019-07-19 10:37:13,848 DEBUG (DatabaseNeoConnection.java:33) [main] - | ID: 5416 	| ACTIVE: false 	| IMEI: 9898545253991004 	| MSISDN: 8298679985 	| ACCOUNT_ID: 5409 	| CREATION_DATE: 2019-02-26 	| OS: null 	| DEVICE_NAME: null
2019-07-19 10:37:13,848 DEBUG (DatabaseNeoConnection.java:33) [main] - | ID: 5709 	| ACTIVE: false 	| IMEI: 1025257979854101 	| MSISDN: 8298679985 	| ACCOUNT_ID: 5409 	| CREATION_DATE: 2019-03-04 	| OS: null 	| DEVICE_NAME: null
2019-07-19 10:37:13,849 DEBUG (DatabaseNeoConnection.java:33) [main] - | ID: 6003 	| ACTIVE: false 	| IMEI: 357537083228064 	| MSISDN: 8296386677 	| ACCOUNT_ID: 5998 	| CREATION_DATE: 2019-03-29 	| OS: null 	| DEVICE_NAME: null
2019-07-19 10:37:13,849 DEBUG (DatabaseNeoConnection.java:33) [main] - | ID: 5439 	| ACTIVE: false 	| IMEI: 5397521019710299 	| MSISDN: 8298679985 	| ACCOUNT_ID: 5409 	| CREATION_DATE: 2019-02-28 	| OS: null 	| DEVICE_NAME: null
2019-07-19 10:37:13,850 DEBUG (DatabaseNeoConnection.java:33) [main] - | ID: 5882 	| ACTIVE: false 	| IMEI: 5148985453100515 	| MSISDN: 8298679985 	| ACCOUNT_ID: 5409 	| CREATION_DATE: 2019-03-21 	| OS: null 	| DEVICE_NAME: null
2019-07-19 10:37:13,850 DEBUG (DatabaseNeoConnection.java:33) [main] - | ID: 6101 	| ACTIVE: false 	| IMEI: 5055100100515453 	| MSISDN: 8296386677 	| ACCOUNT_ID: 5998 	| CREATION_DATE: 2019-04-12 	| OS: null 	| DEVICE_NAME: null
2019-07-19 10:37:13,851 DEBUG (DatabaseNeoConnection.java:33) [main] - | ID: 5507 	| ACTIVE: false 	| IMEI: 5654504953995010 	| MSISDN: 8298679985 	| ACCOUNT_ID: 5409 	| CREATION_DATE: 2019-03-01 	| OS: null 	| DEVICE_NAME: null
2019-07-19 10:37:13,852 DEBUG (DatabaseNeoConnection.java:33) [main] - | ID: 5898 	| ACTIVE: false 	| IMEI: 5453484910056975 	| MSISDN: 8298679985 	| ACCOUNT_ID: 5409 	| CREATION_DATE: 2019-03-25 	| OS: null 	| DEVICE_NAME: null
2019-07-19 10:37:13,852 DEBUG (DatabaseNeoConnection.java:33) [main] - | ID: 5544 	| ACTIVE: false 	| IMEI: 5597985253975352 	| MSISDN: 8298679985 	| ACCOUNT_ID: 5409 	| CREATION_DATE: 2019-03-01 	| OS: null 	| DEVICE_NAME: null
2019-07-19 10:37:13,853 DEBUG (DatabaseNeoConnection.java:33) [main] - | ID: 5551 	| ACTIVE: false 	| IMEI: 9998995251521009 	| MSISDN: 8298679985 	| ACCOUNT_ID: 5409 	| CREATION_DATE: 2019-03-01 	| OS: null 	| DEVICE_NAME: null
2019-07-19 10:37:13,854 DEBUG (DatabaseNeoConnection.java:33) [main] - | ID: 5572 	| ACTIVE: false 	| IMEI: 5455539954101499 	| MSISDN: 8298679985 	| ACCOUNT_ID: 5409 	| CREATION_DATE: 2019-03-01 	| OS: null 	| DEVICE_NAME: null
2019-07-19 10:37:13,855 DEBUG (DatabaseNeoConnection.java:33) [main] - | ID: 5944 	| ACTIVE: false 	| IMEI: 5097539897525148 	| MSISDN: 8298679985 	| ACCOUNT_ID: 5409 	| CREATION_DATE: 2019-03-28 	| OS: null 	| DEVICE_NAME: null
2019-07-19 10:37:13,855 DEBUG (DatabaseNeoConnection.java:33) [main] - | ID: 5602 	| ACTIVE: false 	| IMEI: 9710048509898995 	| MSISDN: 8298679985 	| ACCOUNT_ID: 5409 	| CREATION_DATE: 2019-03-01 	| OS: null 	| DEVICE_NAME: null
2019-07-19 10:37:13,856 DEBUG (DatabaseNeoConnection.java:33) [main] - | ID: 5731 	| ACTIVE: false 	| IMEI: 352637070606069 	| MSISDN: 8298679985 	| ACCOUNT_ID: 5409 	| CREATION_DATE: 2019-03-05 	| OS: null 	| DEVICE_NAME: null
2019-07-19 10:37:13,856 DEBUG (DatabaseNeoConnection.java:33) [main] - | ID: 6192 	| ACTIVE: true 	| IMEI: null 	| MSISDN: 8296386677 	| ACCOUNT_ID: 5998 	| CREATION_DATE: 2019-05-03 	| OS: IOS 	| DEVICE_NAME: null
2019-07-19 10:37:13,857 DEBUG (DatabaseNeoConnection.java:33) [main] - | ID: 6088 	| ACTIVE: false 	| IMEI: 1019957535510257 	| MSISDN: 8094624948 	| ACCOUNT_ID: 6087 	| CREATION_DATE: 2019-04-09 	| OS: null 	| DEVICE_NAME: null
2019-07-19 10:37:13,857 DEBUG (DatabaseNeoConnection.java:33) [main] - | ID: 6126 	| ACTIVE: false 	| IMEI: 5397545410199485 	| MSISDN: 8296386677 	| ACCOUNT_ID: 5998 	| CREATION_DATE: 2019-04-12 	| OS: null 	| DEVICE_NAME: null
2019-07-19 10:37:13,857 DEBUG (DatabaseNeoConnection.java:33) [main] - | ID: 5999 	| ACTIVE: false 	| IMEI: 5298979953514856 	| MSISDN: 8296386677 	| ACCOUNT_ID: 5998 	| CREATION_DATE: 2019-03-29 	| OS: null 	| DEVICE_NAME: null
2019-07-19 10:37:13,859 DEBUG (DatabaseNeoConnection.java:33) [main] - | ID: 6406 	| ACTIVE: true 	| IMEI: 012345678901234 	| MSISDN: 8094042706 	| ACCOUNT_ID: 6404 	| CREATION_DATE: 2019-06-29 	| OS: ANDROID 	| DEVICE_NAME: null
2019-07-19 10:37:13,859 DEBUG (DatabaseNeoConnection.java:33) [main] - | ID: 5814 	| ACTIVE: false 	| IMEI: 9957539750101511 	| MSISDN: 8298679985 	| ACCOUNT_ID: 5409 	| CREATION_DATE: 2019-03-13 	| OS: null 	| DEVICE_NAME: null
2019-07-19 10:37:13,860 DEBUG (DatabaseNeoConnection.java:33) [main] - | ID: 6034 	| ACTIVE: false 	| IMEI: null 	| MSISDN: 8298679985 	| ACCOUNT_ID: 5409 	| CREATION_DATE: 2019-04-02 	| OS: IOS 	| DEVICE_NAME: null
2019-07-19 10:37:13,860 DEBUG (DatabaseNeoConnection.java:33) [main] - | ID: 6169 	| ACTIVE: false 	| IMEI: 5297102569955569 	| MSISDN: 8297556593 	| ACCOUNT_ID: 5312 	| CREATION_DATE: 2019-04-30 	| OS: null 	| DEVICE_NAME: null
2019-07-19 10:37:13,861 DEBUG (DatabaseNeoConnection.java:33) [main] - | ID: 6144 	| ACTIVE: false 	| IMEI: 4854571005597519 	| MSISDN: 8296386677 	| ACCOUNT_ID: 5998 	| CREATION_DATE: 2019-04-15 	| OS: null 	| DEVICE_NAME: null
2019-07-19 10:37:13,861 DEBUG (DatabaseNeoConnection.java:33) [main] - | ID: 6176 	| ACTIVE: false 	| IMEI: 9854985710210010 	| MSISDN: 8298679985 	| ACCOUNT_ID: 5409 	| CREATION_DATE: 2019-04-30 	| OS: null 	| DEVICE_NAME: null
2019-07-19 10:37:13,862 DEBUG (DatabaseNeoConnection.java:33) [main] - | ID: 6539 	| ACTIVE: false 	| IMEI: 012345678901234 	| MSISDN: 8298679985 	| ACCOUNT_ID: 5409 	| CREATION_DATE: 2019-07-15 	| OS: ANDROID 	| DEVICE_NAME: null
2019-07-19 10:37:13,862 DEBUG (DatabaseNeoConnection.java:33) [main] - | ID: 6206 	| ACTIVE: false 	| IMEI: 1029998511015551 	| MSISDN: 8298679985 	| ACCOUNT_ID: 5409 	| CREATION_DATE: 2019-05-09 	| OS: null 	| DEVICE_NAME: null
2019-07-19 10:37:13,863 DEBUG (DatabaseNeoConnection.java:33) [main] - | ID: 6210 	| ACTIVE: false 	| IMEI: 1019856101545710 	| MSISDN: 8298679985 	| ACCOUNT_ID: 5409 	| CREATION_DATE: 2019-05-09 	| OS: null 	| DEVICE_NAME: null
2019-07-19 10:37:13,863 DEBUG (DatabaseNeoConnection.java:33) [main] - | ID: 6221 	| ACTIVE: true 	| IMEI: 9951509950529850 	| MSISDN: 8094624948 	| ACCOUNT_ID: 6087 	| CREATION_DATE: 2019-05-14 	| OS: null 	| DEVICE_NAME: null
2019-07-19 10:37:13,863 DEBUG (DatabaseNeoConnection.java:33) [main] - | ID: 6217 	| ACTIVE: false 	| IMEI: 5550484954491005 	| MSISDN: 8298679985 	| ACCOUNT_ID: 5409 	| CREATION_DATE: 2019-05-14 	| OS: null 	| DEVICE_NAME: null
2019-07-19 10:37:13,864 DEBUG (DatabaseNeoConnection.java:33) [main] - | ID: 6188 	| ACTIVE: false 	| IMEI: 9799524855565610 	| MSISDN: 8297556593 	| ACCOUNT_ID: 5312 	| CREATION_DATE: 2019-05-01 	| OS: null 	| DEVICE_NAME: null
2019-07-19 10:37:13,864 DEBUG (DatabaseNeoConnection.java:33) [main] - | ID: 6231 	| ACTIVE: false 	| IMEI: 5448494953102525 	| MSISDN: 8297556593 	| ACCOUNT_ID: 5312 	| CREATION_DATE: 2019-05-15 	| OS: null 	| DEVICE_NAME: null
2019-07-19 10:37:13,864 DEBUG (DatabaseNeoConnection.java:33) [main] - | ID: 6235 	| ACTIVE: true 	| IMEI: 5256525710151575 	| MSISDN: 8297556593 	| ACCOUNT_ID: 5312 	| CREATION_DATE: 2019-05-15 	| OS: null 	| DEVICE_NAME: null
2019-07-19 10:37:13,865 DEBUG (DatabaseNeoConnection.java:33) [main] - | ID: 6241 	| ACTIVE: true 	| IMEI: 1024899505251100 	| MSISDN: 8297555319 	| ACCOUNT_ID: 6240 	| CREATION_DATE: 2019-05-15 	| OS: null 	| DEVICE_NAME: null
2019-07-19 10:37:13,865 DEBUG (DatabaseNeoConnection.java:33) [main] - | ID: 6260 	| ACTIVE: true 	| IMEI: 5752100541029753 	| MSISDN: 8299626844 	| ACCOUNT_ID: 6259 	| CREATION_DATE: 2019-05-15 	| OS: null 	| DEVICE_NAME: null
2019-07-19 10:37:13,865 DEBUG (DatabaseNeoConnection.java:33) [main] - | ID: 6227 	| ACTIVE: false 	| IMEI: 1014850514850499 	| MSISDN: 8298679985 	| ACCOUNT_ID: 5409 	| CREATION_DATE: 2019-05-14 	| OS: null 	| DEVICE_NAME: null
2019-07-19 10:37:13,866 DEBUG (DatabaseNeoConnection.java:33) [main] - | ID: 6285 	| ACTIVE: false 	| IMEI: 5455535253485754 	| MSISDN: 8298679985 	| ACCOUNT_ID: 5409 	| CREATION_DATE: 2019-05-24 	| OS: null 	| DEVICE_NAME: null
2019-07-19 10:37:13,868 DEBUG (DatabaseNeoConnection.java:33) [main] - | ID: 3431 	| ACTIVE: true 	| IMEI: 865841030493937 	| MSISDN: 8298991772 	| ACCOUNT_ID: 2424 	| CREATION_DATE: 2018-10-31 	| OS: null 	| DEVICE_NAME: null
2019-07-19 10:37:13,869 DEBUG (DatabaseNeoConnection.java:33) [main] - | ID: 5865 	| ACTIVE: false 	| IMEI: 1021025456995710 	| MSISDN: 8298679985 	| ACCOUNT_ID: 5409 	| CREATION_DATE: 2019-03-20 	| OS: null 	| DEVICE_NAME: null
2019-07-19 10:37:13,870 DEBUG (DatabaseNeoConnection.java:33) [main] - | ID: 5426 	| ACTIVE: false 	| IMEI: 5698534898505554 	| MSISDN: 8298679985 	| ACCOUNT_ID: 5409 	| CREATION_DATE: 2019-02-28 	| OS: null 	| DEVICE_NAME: null
2019-07-19 10:37:13,870 DEBUG (DatabaseNeoConnection.java:33) [main] - | ID: 5700 	| ACTIVE: false 	| IMEI: 4897102484810157 	| MSISDN: 8298679985 	| ACCOUNT_ID: 5409 	| CREATION_DATE: 2019-03-04 	| OS: null 	| DEVICE_NAME: null
2019-07-19 10:37:13,871 DEBUG (DatabaseNeoConnection.java:33) [main] - | ID: 5874 	| ACTIVE: false 	| IMEI: 5697974954505157 	| MSISDN: 8298679985 	| ACCOUNT_ID: 5409 	| CREATION_DATE: 2019-03-20 	| OS: null 	| DEVICE_NAME: null
2019-07-19 10:37:13,871 DEBUG (DatabaseNeoConnection.java:33) [main] - | ID: 3482 	| ACTIVE: true 	| IMEI: 1025657102531001 	| MSISDN: 8095682688 	| ACCOUNT_ID: 3481 	| CREATION_DATE: 2018-11-07 	| OS: null 	| DEVICE_NAME: null
2019-07-19 10:37:13,877 DEBUG (DatabaseNeoConnection.java:33) [main] - | ID: 5714 	| ACTIVE: false 	| IMEI: 5698531005053101 	| MSISDN: 8298679985 	| ACCOUNT_ID: 5409 	| CREATION_DATE: 2019-03-04 	| OS: null 	| DEVICE_NAME: null
2019-07-19 10:37:13,878 DEBUG (DatabaseNeoConnection.java:33) [main] - | ID: 5892 	| ACTIVE: false 	| IMEI: 5399101571011025 	| MSISDN: 8298679985 	| ACCOUNT_ID: 5409 	| CREATION_DATE: 2019-03-21 	| OS: null 	| DEVICE_NAME: null
2019-07-19 10:37:13,878 DEBUG (DatabaseNeoConnection.java:33) [main] - | ID: 5516 	| ACTIVE: false 	| IMEI: 1014956101515757 	| MSISDN: 8298679985 	| ACCOUNT_ID: 5409 	| CREATION_DATE: 2019-03-01 	| OS: null 	| DEVICE_NAME: null
2019-07-19 10:37:13,879 DEBUG (DatabaseNeoConnection.java:33) [main] - | ID: 5537 	| ACTIVE: false 	| IMEI: 5748545099555348 	| MSISDN: 8298679985 	| ACCOUNT_ID: 5409 	| CREATION_DATE: 2019-03-01 	| OS: null 	| DEVICE_NAME: null
2019-07-19 10:37:13,880 DEBUG (DatabaseNeoConnection.java:33) [main] - | ID: 5560 	| ACTIVE: false 	| IMEI: 1009855101511025 	| MSISDN: 8298679985 	| ACCOUNT_ID: 5409 	| CREATION_DATE: 2019-03-01 	| OS: null 	| DEVICE_NAME: null
2019-07-19 10:37:13,880 DEBUG (DatabaseNeoConnection.java:33) [main] - | ID: 5919 	| ACTIVE: false 	| IMEI: 9950575697571021 	| MSISDN: 8298679985 	| ACCOUNT_ID: 5409 	| CREATION_DATE: 2019-03-26 	| OS: null 	| DEVICE_NAME: null
2019-07-19 10:37:13,881 DEBUG (DatabaseNeoConnection.java:33) [main] - | ID: 5578 	| ACTIVE: false 	| IMEI: 9798549999100535 	| MSISDN: 8298679985 	| ACCOUNT_ID: 5409 	| CREATION_DATE: 2019-03-01 	| OS: null 	| DEVICE_NAME: null
2019-07-19 10:37:13,882 DEBUG (DatabaseNeoConnection.java:33) [main] - | ID: 5592 	| ACTIVE: false 	| IMEI: 9956102975256575 	| MSISDN: 8298679985 	| ACCOUNT_ID: 5409 	| CREATION_DATE: 2019-03-01 	| OS: null 	| DEVICE_NAME: null
2019-07-19 10:37:13,882 DEBUG (DatabaseNeoConnection.java:33) [main] - | ID: 5940 	| ACTIVE: false 	| IMEI: 4810210051102525 	| MSISDN: 8298679985 	| ACCOUNT_ID: 5409 	| CREATION_DATE: 2019-03-27 	| OS: null 	| DEVICE_NAME: null
2019-07-19 10:37:13,883 DEBUG (DatabaseNeoConnection.java:33) [main] - | ID: 5608 	| ACTIVE: false 	| IMEI: 1015699559853101 	| MSISDN: 8298679985 	| ACCOUNT_ID: 5409 	| CREATION_DATE: 2019-03-01 	| OS: null 	| DEVICE_NAME: null
2019-07-19 10:37:13,883 DEBUG (DatabaseNeoConnection.java:33) [main] - | ID: 5788 	| ACTIVE: true 	| IMEI: null 	| MSISDN: 8298679985 	| ACCOUNT_ID: 5409 	| CREATION_DATE: 2019-03-06 	| OS: IOS 	| DEVICE_NAME: null
2019-07-19 10:37:13,884 DEBUG (DatabaseNeoConnection.java:33) [main] - | ID: 5960 	| ACTIVE: false 	| IMEI: 4948485449534948 	| MSISDN: 8298679985 	| ACCOUNT_ID: 5409 	| CREATION_DATE: 2019-03-28 	| OS: null 	| DEVICE_NAME: null
2019-07-19 10:37:13,885 DEBUG (DatabaseNeoConnection.java:33) [main] - | ID: 6008 	| ACTIVE: false 	| IMEI: 5697549748485298 	| MSISDN: 8298679985 	| ACCOUNT_ID: 5409 	| CREATION_DATE: 2019-03-29 	| OS: null 	| DEVICE_NAME: null
2019-07-19 10:37:13,886 DEBUG (DatabaseNeoConnection.java:33) [main] - | ID: 6157 	| ACTIVE: false 	| IMEI: 1004899539953491 	| MSISDN: 8297556593 	| ACCOUNT_ID: 5312 	| CREATION_DATE: 2019-04-23 	| OS: null 	| DEVICE_NAME: null
2019-07-19 10:37:13,886 DEBUG (DatabaseNeoConnection.java:33) [main] - | ID: 6180 	| ACTIVE: false 	| IMEI: 9854985710210010 	| MSISDN: 8297556593 	| ACCOUNT_ID: 5312 	| CREATION_DATE: 2019-04-30 	| OS: null 	| DEVICE_NAME: null
2019-07-19 10:37:13,887 DEBUG (DatabaseNeoConnection.java:33) [main] - | ID: 5363 	| ACTIVE: false 	| IMEI: 352637070606069 	| MSISDN: 8297556593 	| ACCOUNT_ID: 5312 	| CREATION_DATE: 2019-02-25 	| OS: null 	| DEVICE_NAME: null
2019-07-19 10:37:13,887 DEBUG (DatabaseNeoConnection.java:33) [main] - | ID: 6122 	| ACTIVE: false 	| IMEI: 012345678901234 	| MSISDN: 8094624948 	| ACCOUNT_ID: 6087 	| CREATION_DATE: 2019-04-12 	| OS: null 	| DEVICE_NAME: null
2019-07-19 10:37:13,887 DEBUG (DatabaseNeoConnection.java:33) [main] - | ID: 6249 	| ACTIVE: true 	| IMEI: 5349521005510048 	| MSISDN: 8097152029 	| ACCOUNT_ID: 6248 	| CREATION_DATE: 2019-05-15 	| OS: null 	| DEVICE_NAME: null
2019-07-19 10:37:13,888 DEBUG (DatabaseNeoConnection.java:33) [main] - | ID: 6270 	| ACTIVE: true 	| IMEI: 5410252515597995 	| MSISDN: 8297236060 	| ACCOUNT_ID: 6269 	| CREATION_DATE: 2019-05-21 	| OS: null 	| DEVICE_NAME: null
2019-07-19 10:37:13,889 DEBUG (DatabaseNeoConnection.java:33) [main] - | ID: 5465 	| ACTIVE: false 	| IMEI: 1024850521005550 	| MSISDN: 8092577700 	| ACCOUNT_ID: 809 	| CREATION_DATE: 2019-02-28 	| OS: null 	| DEVICE_NAME: null
2019-07-19 10:37:13,889 DEBUG (DatabaseNeoConnection.java:45) [main] - getting the connection with database......
2019-07-19 10:37:13,943 DEBUG (DatabaseNeoConnection.java:49) [main] - create Statement....
2019-07-19 10:37:13,944 DEBUG (DatabaseNeoConnection.java:52) [main] - prepared query: select a.id,a.active,a.blocked, a.email, a.email, a.user_name,       d.id, d.device_name,d.msisdn from device d join account a on d.account_id = a.id where (a.user_name = ? or a.email = ?) and d.active = true
2019-07-19 10:37:13,957 DEBUG (DatabaseNeoConnection.java:56) [main] - | ID: 5998 	| ACTIVE: true 	| BLOCKED: false 	| EMAIL: fgenao@gcs-systems.com 	| USER_NAME: fgenao@gcs-systems.com 	| ID: 5998 	| DEVICE_NAME: null 	| MSISDN: 8296386677 	
2019-07-19 10:37:13,957 DEBUG (DatabaseNeoConnection.java:68) [main] - getting the connection with database......
2019-07-19 10:37:14,321 DEBUG (DatabaseNeoConnection.java:72) [main] - create Statement....
2019-07-19 10:37:14,322 DEBUG (DatabaseNeoConnection.java:75) [main] - prepared query: select a.id as account_id, a.email, a.user_name, d.id as device_id, d.device_name,d.msisdn, d.imei, d.os from device d join account a on d.account_id = a.id where (a.user_name = ? or a.email = ?)
2019-07-19 10:37:14,354 DEBUG (DatabaseNeoConnection.java:78) [main] - | ID: 5998 	| EMAIL: fgenao@gcs-systems.com 	| USER_NAME: fgenao@gcs-systems.com 	| ID: 6108 	| DEVICE_NAME: null 	| MSISDN:  8296386677 	| IMEI: 1019957535510257 	| OS: null 	
2019-07-19 10:37:14,355 DEBUG (DatabaseNeoConnection.java:78) [main] - | ID: 5998 	| EMAIL: fgenao@gcs-systems.com 	| USER_NAME: fgenao@gcs-systems.com 	| ID: 6112 	| DEVICE_NAME: null 	| MSISDN:  8296386677 	| IMEI: 351815080107176 	| OS: null 	
2019-07-19 10:37:14,355 DEBUG (DatabaseNeoConnection.java:78) [main] - | ID: 5998 	| EMAIL: fgenao@gcs-systems.com 	| USER_NAME: fgenao@gcs-systems.com 	| ID: 6116 	| DEVICE_NAME: null 	| MSISDN:  8296386677 	| IMEI: 5310050515456504 	| OS: null 	
2019-07-19 10:37:14,355 DEBUG (DatabaseNeoConnection.java:78) [main] - | ID: 5998 	| EMAIL: fgenao@gcs-systems.com 	| USER_NAME: fgenao@gcs-systems.com 	| ID: 6003 	| DEVICE_NAME: null 	| MSISDN:  8296386677 	| IMEI: 357537083228064 	| OS: null 	
2019-07-19 10:37:14,356 DEBUG (DatabaseNeoConnection.java:78) [main] - | ID: 5998 	| EMAIL: fgenao@gcs-systems.com 	| USER_NAME: fgenao@gcs-systems.com 	| ID: 6101 	| DEVICE_NAME: null 	| MSISDN:  8296386677 	| IMEI: 5055100100515453 	| OS: null 	
2019-07-19 10:37:14,356 DEBUG (DatabaseNeoConnection.java:78) [main] - | ID: 5998 	| EMAIL: fgenao@gcs-systems.com 	| USER_NAME: fgenao@gcs-systems.com 	| ID: 6192 	| DEVICE_NAME: null 	| MSISDN:  8296386677 	| IMEI: null 	| OS: IOS 	
2019-07-19 10:37:14,356 DEBUG (DatabaseNeoConnection.java:78) [main] - | ID: 5998 	| EMAIL: fgenao@gcs-systems.com 	| USER_NAME: fgenao@gcs-systems.com 	| ID: 6126 	| DEVICE_NAME: null 	| MSISDN:  8296386677 	| IMEI: 5397545410199485 	| OS: null 	
2019-07-19 10:37:14,356 DEBUG (DatabaseNeoConnection.java:78) [main] - | ID: 5998 	| EMAIL: fgenao@gcs-systems.com 	| USER_NAME: fgenao@gcs-systems.com 	| ID: 5999 	| DEVICE_NAME: null 	| MSISDN:  8296386677 	| IMEI: 5298979953514856 	| OS: null 	
2019-07-19 10:37:14,356 DEBUG (DatabaseNeoConnection.java:78) [main] - | ID: 5998 	| EMAIL: fgenao@gcs-systems.com 	| USER_NAME: fgenao@gcs-systems.com 	| ID: 6144 	| DEVICE_NAME: null 	| MSISDN:  8296386677 	| IMEI: 4854571005597519 	| OS: null 	
2019-07-19 10:37:14,414 DEBUG (DatabaseTxnConnection.java:31) [main] - create Statement....
2019-07-19 10:37:14,415 DEBUG (DatabaseTxnConnection.java:33) [main] - prepared query: select i.id, i.status status_ident, m.msisdn, m.status status_clien,        m.isprimary, pt.partner_name as Telco from r_gcscustomer_account_m i inner join pre_gcscustomer_enrollment_m m on (i.gcs_account_id=m.gcs_Account_id) inner join partner_m pt on (m.telco_code=pt.partner_code) where id= ?
2019-07-19 10:37:14,424 DEBUG (DatabaseTxnConnection.java:36) [main] - | ID:  12345678 	| STATUS_CLIENT: A 	| STATUS_IDENT: A 	| MSISDN: 8095985299 	| IS_PRIMARY: N 	| TELCO: CODETEL/Claro 	
2019-07-19 10:37:14,425 DEBUG (DatabaseTxnConnection.java:36) [main] - | ID:  12345678 	| STATUS_CLIENT: A 	| STATUS_IDENT: A 	| MSISDN: 8094487348 	| IS_PRIMARY: Y 	| TELCO: CODETEL/Claro 	
2019-07-19 10:37:14,427 DEBUG (MainApp.java:27) [main] - 
 ___              _              _____                                       _                    
(  _`\         _ (_ )           (_   _)                                     ( )_  _               
| | ) |   _ _ (_) | |  _   _      | | _ __   _ _   ___    ___    _ _    ___ | ,_)(_)   _     ___  
| | | ) /'_` )| | | | ( ) ( )     | |( '__)/'_` )/' _ `\/',__) /'_` ) /'___)| |  | | /'_`\ /' _ `\
| |_) |( (_| || | | | | (_) |     | || |  ( (_| || ( ) |\__, \( (_| |( (___ | |_ | |( (_) )| ( ) |
(____/'`\__,_)(_)(___)`\__, |     (_)(_)  `\__,_)(_) (_)(____/`\__,_)`\____)`\__)(_)`\___/'(_) (_)
                      ( )_| |                                                                     
                      `\___/'                                                                     
 ___                                    _      
(  _`\                                 ( )_    
| ( (_) _   _  _ __  _ __   __    ___  | ,_)   
| |  _ ( ) ( )( '__)( '__)/'__`\/' _ `\| |     
| (_( )| (_) || |   | |  (  ___/| ( ) || |_    
(____/'`\___/'(_)   (_)  `\____)(_) (_)`\__)

2019-07-19 10:37:14,486 DEBUG (DatabaseTxnConnection.java:49) [main] - prepared query: SELECT ft.msisdn,     a.id,     ft.transaction_date,     tm.transaction_id,     ft.sub_transaction_type,     m.sub_transaction_name,     ft.request_type,     ft.amount,     ft.account_number as Cuenta_bancaria,     tm.status,     ft.response_code,     CASE WHEN ft.transaction_type = '02' THEN bill.customer_identifier         WHEN ft.transaction_type = '03' THEN cast(ft2.msisdn as text)         WHEN ft.transaction_type = '04' THEN ac.card_acptr_name_loc         ELSE cast(ft.msisdn as text) END cuenta_receptora_credito,     CASE WHEN ft.transaction_type = '01' THEN ft.partner_code         WHEN ft.transaction_type = '02' THEN bill.partner_code         WHEN ft.transaction_type = '03' THEN ft2.partner_code         WHEN ft.transaction_type = '04' THEN ac.partner_code         WHEN ft.transaction_type = '05' THEN ft2.partner_code         ELSE ft.partner_code END socio_receptor_credito,     CASE WHEN ft.transaction_type = '01' THEN cast(ft.partner_code as text)         WHEN ft.transaction_type = '02' THEN  cast(bill.billrefrenceno as text)         WHEN ft.transaction_type = '03' THEN ft2.bp_sequenceno         ELSE cast(ft.partner_code as text) END Autorizacion_Credito,     CASE WHEN ft.transaction_type = '01' AND top.topupstatus = 'F' THEN 'S'         WHEN ft.transaction_type = '02' AND bill.status = 'F' THEN 'S'         WHEN ft.sub_transaction_type = '0339' AND bill.status = 'F' THEN 'S'         WHEN (ft.sub_transaction_type IN ('0409', '0410')) AND bill.status = 'F' THEN 'S'         WHEN ft.transaction_type = '04' AND ac.status = 'F' THEN 'S'         WHEN ft2.status = 'F' THEN 'S'         WHEN tm.status = 'F' THEN 'S'         ELSE '-' END AS incomplete     FROM ft_transfer_t_o ft     INNER JOIN transaction_m tm ON (ft.gcs_sequenceno = tm.gcs_Sequenceno)    LEFT JOIN r_gcscustomer_account_m a ON (a.gcs_account_id = ft.gcs_account_id)     LEFT JOIN FT_TRANSFER_T_o ft2 ON (ft.GCS_SEQUENCENO = ft2.GCS_SEQUENCENO AND ft2.REQUEST_TYPE = 'CR')     INNER JOIN m_sub_transaction_types_mp m ON (ft.sub_transaction_type = m.sub_transaction_code)     LEFT JOIN ft_topup_t_o top ON (ft.gcs_sequenceno = top.gcs_sequenceno AND ft.request_type = 'DR')    LEFT JOIN bill_payement_l bill ON (ft.gcs_Sequenceno = bill.gcs_Sequenceno AND ft.request_type = 'DR')     LEFT JOIN FT_AQUIRER_T_O ac ON (ft.GCS_SEQUENCENO = ac.GCS_SEQUENCENO AND ft.REQUEST_TYPE = 'DR') where ft.msisdn = '8296386677' order by ft.transaction_date desc LIMIT 10
2019-07-19 10:37:14,523 DEBUG (DatabaseTxnConnection.java:52) [main] - | MSISDN:  8296386677	| TRANSACTION_DATE:  2019-07-18	| TRANSACTION_ID:  20190718154251548233	| SUB_TRANSACTION_TYPE: 0405	| SUB_TRANSACTION_NAME: Compra en comercio (a traves de tPagoNet) utilizando sus cuentas	| REQUEST_TYPE: DR	| AMOUNT: 500	| ACCOUNT_BANK *****3635	| STATUS: F	| RESPONSE_CODE: 0000	| ACCOUNT_RECEIVED_CREDIT: MERCHANT: 10042	| AUTHORIZED_CREDIT: 5	| SOC_RECEIVED_CREDIT: 6	| IS_COMPLETE: S	
----------------------------  ***  ----------------------------

2019-07-19 10:37:14,524 DEBUG (DatabaseTxnConnection.java:52) [main] - | MSISDN:  8296386677	| TRANSACTION_DATE:  2019-07-18	| TRANSACTION_ID:  20190718154054120334	| SUB_TRANSACTION_TYPE: 0405	| SUB_TRANSACTION_NAME: Compra en comercio (a traves de tPagoNet) utilizando sus cuentas	| REQUEST_TYPE: DR	| AMOUNT: 500	| ACCOUNT_BANK *****3635	| STATUS: F	| RESPONSE_CODE: 0000	| ACCOUNT_RECEIVED_CREDIT: MERCHANT: 10042	| AUTHORIZED_CREDIT: 5	| SOC_RECEIVED_CREDIT: 6	| IS_COMPLETE: S	
----------------------------  ***  ----------------------------

2019-07-19 10:37:14,524 DEBUG (DatabaseTxnConnection.java:52) [main] - | MSISDN:  8296386677	| TRANSACTION_DATE:  2019-07-18	| TRANSACTION_ID:  20190718151531627667	| SUB_TRANSACTION_TYPE: 0405	| SUB_TRANSACTION_NAME: Compra en comercio (a traves de tPagoNet) utilizando sus cuentas	| REQUEST_TYPE: DR	| AMOUNT: 500	| ACCOUNT_BANK *****3635	| STATUS: F	| RESPONSE_CODE: 9710	| ACCOUNT_RECEIVED_CREDIT: MERCHANT: 10042	| AUTHORIZED_CREDIT: 5	| SOC_RECEIVED_CREDIT: 6	| IS_COMPLETE: S	
----------------------------  ***  ----------------------------

2019-07-19 10:37:14,525 DEBUG (DatabaseTxnConnection.java:52) [main] - | MSISDN:  8296386677	| TRANSACTION_DATE:  2019-07-18	| TRANSACTION_ID:  20190718151333235748	| SUB_TRANSACTION_TYPE: 0405	| SUB_TRANSACTION_NAME: Compra en comercio (a traves de tPagoNet) utilizando sus cuentas	| REQUEST_TYPE: DR	| AMOUNT: 500	| ACCOUNT_BANK *****3635	| STATUS: F	| RESPONSE_CODE: 9710	| ACCOUNT_RECEIVED_CREDIT: MERCHANT: 10042	| AUTHORIZED_CREDIT: 5	| SOC_RECEIVED_CREDIT: 6	| IS_COMPLETE: S	
----------------------------  ***  ----------------------------

2019-07-19 10:37:14,525 DEBUG (DatabaseTxnConnection.java:52) [main] - | MSISDN:  8296386677	| TRANSACTION_DATE:  2019-07-17	| TRANSACTION_ID:  20190717172520313418	| SUB_TRANSACTION_TYPE: 0405	| SUB_TRANSACTION_NAME: Compra en comercio (a traves de tPagoNet) utilizando sus cuentas	| REQUEST_TYPE: DR	| AMOUNT: 500	| ACCOUNT_BANK *****3635	| STATUS: F	| RESPONSE_CODE: 9710	| ACCOUNT_RECEIVED_CREDIT: MERCHANT: 10042	| AUTHORIZED_CREDIT: 5	| SOC_RECEIVED_CREDIT: 6	| IS_COMPLETE: S	
----------------------------  ***  ----------------------------

2019-07-19 10:37:14,525 DEBUG (DatabaseTxnConnection.java:52) [main] - | MSISDN:  8296386677	| TRANSACTION_DATE:  2019-07-17	| TRANSACTION_ID:  20190717172218886188	| SUB_TRANSACTION_TYPE: 0405	| SUB_TRANSACTION_NAME: Compra en comercio (a traves de tPagoNet) utilizando sus cuentas	| REQUEST_TYPE: DR	| AMOUNT: 500	| ACCOUNT_BANK *****3635	| STATUS: F	| RESPONSE_CODE: 9710	| ACCOUNT_RECEIVED_CREDIT: MERCHANT: 10042	| AUTHORIZED_CREDIT: 5	| SOC_RECEIVED_CREDIT: 6	| IS_COMPLETE: S	
----------------------------  ***  ----------------------------

2019-07-19 10:37:14,526 DEBUG (DatabaseTxnConnection.java:52) [main] - | MSISDN:  8296386677	| TRANSACTION_DATE:  2019-07-17	| TRANSACTION_ID:  20190717155616768113	| SUB_TRANSACTION_TYPE: 0405	| SUB_TRANSACTION_NAME: Compra en comercio (a traves de tPagoNet) utilizando sus cuentas	| REQUEST_TYPE: DR	| AMOUNT: 500	| ACCOUNT_BANK *****3635	| STATUS: F	| RESPONSE_CODE: 9710	| ACCOUNT_RECEIVED_CREDIT: MERCHANT: 10042	| AUTHORIZED_CREDIT: 5	| SOC_RECEIVED_CREDIT: 6	| IS_COMPLETE: S	
----------------------------  ***  ----------------------------

2019-07-19 10:37:14,526 DEBUG (DatabaseTxnConnection.java:52) [main] - | MSISDN:  8296386677	| TRANSACTION_DATE:  2019-07-10	| TRANSACTION_ID:  20190710123049052614	| SUB_TRANSACTION_TYPE: 0306	| SUB_TRANSACTION_NAME: Transferencia a un afiliado entre bancos diferentes	| REQUEST_TYPE: DR	| AMOUNT: 200	| ACCOUNT_BANK *****3635	| STATUS: S	| RESPONSE_CODE: 0000	| ACCOUNT_RECEIVED_CREDIT: 8298679985	| AUTHORIZED_CREDIT: 404895	| SOC_RECEIVED_CREDIT: 44	| IS_COMPLETE: -	
----------------------------  ***  ----------------------------

2019-07-19 10:37:14,526 DEBUG (DatabaseTxnConnection.java:52) [main] - | MSISDN:  8296386677	| TRANSACTION_DATE:  2019-07-10	| TRANSACTION_ID:  20190710115724186832	| SUB_TRANSACTION_TYPE: 0306	| SUB_TRANSACTION_NAME: Transferencia a un afiliado entre bancos diferentes	| REQUEST_TYPE: DR	| AMOUNT: 350	| ACCOUNT_BANK *****3635	| STATUS: S	| RESPONSE_CODE: 0000	| ACCOUNT_RECEIVED_CREDIT: 8298679985	| AUTHORIZED_CREDIT: 748508	| SOC_RECEIVED_CREDIT: 44	| IS_COMPLETE: -	
----------------------------  ***  ----------------------------

2019-07-19 10:37:14,527 DEBUG (DatabaseTxnConnection.java:52) [main] - | MSISDN:  8296386677	| TRANSACTION_DATE:  2019-07-10	| TRANSACTION_ID:  20190710115501016886	| SUB_TRANSACTION_TYPE: 0306	| SUB_TRANSACTION_NAME: Transferencia a un afiliado entre bancos diferentes	| REQUEST_TYPE: DR	| AMOUNT: 500	| ACCOUNT_BANK *****3635	| STATUS: S	| RESPONSE_CODE: 0000	| ACCOUNT_RECEIVED_CREDIT: 8298679985	| AUTHORIZED_CREDIT: 294511	| SOC_RECEIVED_CREDIT: 44	| IS_COMPLETE: -	
----------------------------  ***  ----------------------------

2019-07-19 10:41:34,798 DEBUG (DatabaseNeoConnection.java:27) [main] - Java JDBC PostgreSQL Example
2019-07-19 10:41:34,800 DEBUG (DatabaseNeoConnection.java:28) [main] - Connected to PostgreSQL database!
2019-07-19 10:41:34,809 DEBUG (DatabaseNeoConnection.java:30) [main] - Reading car records...
2019-07-19 10:41:34,837 DEBUG (DatabaseNeoConnection.java:33) [main] - | ID: 1843 	| ACTIVE: false 	| IMEI: 990004812906513 	| MSISDN: 8296193835 	| ACCOUNT_ID: 1697 	| CREATION_DATE: 2018-08-09 	| OS: null 	| DEVICE_NAME: null
2019-07-19 10:41:34,838 DEBUG (DatabaseNeoConnection.java:33) [main] - | ID: 721 	| ACTIVE: false 	| IMEI: 358784080004622 	| MSISDN: 8099521818 	| ACCOUNT_ID: 710 	| CREATION_DATE: 2018-06-22 	| OS: null 	| DEVICE_NAME: null
2019-07-19 10:41:34,838 DEBUG (DatabaseNeoConnection.java:33) [main] - | ID: 1698 	| ACTIVE: true 	| IMEI: 358809070882594 	| MSISDN: 8296193835 	| ACCOUNT_ID: 1697 	| CREATION_DATE: 2018-08-07 	| OS: null 	| DEVICE_NAME: null
2019-07-19 10:41:34,839 DEBUG (DatabaseNeoConnection.java:33) [main] - | ID: 711 	| ACTIVE: true 	| IMEI: 353683063071662 	| MSISDN: 8099521818 	| ACCOUNT_ID: 710 	| CREATION_DATE: 2018-06-22 	| OS: null 	| DEVICE_NAME: null
2019-07-19 10:41:34,840 DEBUG (DatabaseNeoConnection.java:33) [main] - | ID: 5359 	| ACTIVE: false 	| IMEI: 357537083228064 	| MSISDN: 8297556593 	| ACCOUNT_ID: 5312 	| CREATION_DATE: 2019-02-25 	| OS: null 	| DEVICE_NAME: null
2019-07-19 10:41:34,841 DEBUG (DatabaseNeoConnection.java:33) [main] - | ID: 5638 	| ACTIVE: false 	| IMEI: 5497569754100491 	| MSISDN: 8298679985 	| ACCOUNT_ID: 5409 	| CREATION_DATE: 2019-03-04 	| OS: null 	| DEVICE_NAME: null
2019-07-19 10:41:34,841 DEBUG (DatabaseNeoConnection.java:33) [main] - | ID: 715 	| ACTIVE: false 	| IMEI: 353683063071662 	| MSISDN: 8097962078 	| ACCOUNT_ID: 610 	| CREATION_DATE: 2018-06-22 	| OS: null 	| DEVICE_NAME: null
2019-07-19 10:41:34,842 DEBUG (DatabaseNeoConnection.java:33) [main] - | ID: 2065 	| ACTIVE: false 	| IMEI: 5b346ecb-e843-413b-ba66-34ff18b8376e 	| MSISDN: 8496558431 	| ACCOUNT_ID: 2060 	| CREATION_DATE: 2018-08-14 	| OS: null 	| DEVICE_NAME: null
2019-07-19 10:41:34,843 DEBUG (DatabaseNeoConnection.java:33) [main] - | ID: 1138 	| ACTIVE: false 	| IMEI: 356017073213997 	| MSISDN: 8092577700 	| ACCOUNT_ID: 809 	| CREATION_DATE: 2018-07-27 	| OS: null 	| DEVICE_NAME: null
2019-07-19 10:41:34,844 DEBUG (DatabaseNeoConnection.java:33) [main] - | ID: 1971 	| ACTIVE: true 	| IMEI: 355976082516669 	| MSISDN: 8095020002 	| ACCOUNT_ID: 1970 	| CREATION_DATE: 2018-08-10 	| OS: null 	| DEVICE_NAME: null
2019-07-19 10:41:34,844 DEBUG (DatabaseNeoConnection.java:33) [main] - | ID: 5644 	| ACTIVE: false 	| IMEI: 9850529856549957 	| MSISDN: 8298679985 	| ACCOUNT_ID: 5409 	| CREATION_DATE: 2019-03-04 	| OS: null 	| DEVICE_NAME: null
2019-07-19 10:41:34,845 DEBUG (DatabaseNeoConnection.java:33) [main] - | ID: 2127 	| ACTIVE: false 	| IMEI: 358809070882594 	| MSISDN: 8496558431 	| ACCOUNT_ID: 2060 	| CREATION_DATE: 2018-08-17 	| OS: null 	| DEVICE_NAME: null
2019-07-19 10:41:34,845 DEBUG (DatabaseNeoConnection.java:33) [main] - | ID: 797 	| ACTIVE: true 	| IMEI: 354626099357620 	| MSISDN: 8095550001 	| ACCOUNT_ID: 796 	| CREATION_DATE: 2018-07-11 	| OS: null 	| DEVICE_NAME: null
2019-07-19 10:41:34,846 DEBUG (DatabaseNeoConnection.java:33) [main] - | ID: 801 	| ACTIVE: true 	| IMEI: 355257094093793 	| MSISDN: 8095550002 	| ACCOUNT_ID: 800 	| CREATION_DATE: 2018-07-11 	| OS: null 	| DEVICE_NAME: null
2019-07-19 10:41:34,847 DEBUG (DatabaseNeoConnection.java:33) [main] - | ID: 805 	| ACTIVE: true 	| IMEI: 354626099344297 	| MSISDN: 8095550003 	| ACCOUNT_ID: 804 	| CREATION_DATE: 2018-07-11 	| OS: null 	| DEVICE_NAME: null
2019-07-19 10:41:34,848 DEBUG (DatabaseNeoConnection.java:33) [main] - | ID: 611 	| ACTIVE: false 	| IMEI: 356017073213997 	| MSISDN: 8097962078 	| ACCOUNT_ID: 610 	| CREATION_DATE: 2018-06-15 	| OS: null 	| DEVICE_NAME: null
2019-07-19 10:41:34,848 DEBUG (DatabaseNeoConnection.java:33) [main] - | ID: 2132 	| ACTIVE: false 	| IMEI: 0235adb8-074b-4bc5-82d5-698c2de51041 	| MSISDN: 8496558431 	| ACCOUNT_ID: 2060 	| CREATION_DATE: 2018-08-17 	| OS: null 	| DEVICE_NAME: null
2019-07-19 10:41:34,849 DEBUG (DatabaseNeoConnection.java:33) [main] - | ID: 2030 	| ACTIVE: false 	| IMEI: 012345678901234 	| MSISDN: 8293451276 	| ACCOUNT_ID: 1263 	| CREATION_DATE: 2018-08-13 	| OS: null 	| DEVICE_NAME: null
2019-07-19 10:41:34,849 DEBUG (DatabaseNeoConnection.java:33) [main] - | ID: 2141 	| ACTIVE: false 	| IMEI: e0985aa3-62ba-4f13-a95f-8cbf0b41155f 	| MSISDN: 8496558431 	| ACCOUNT_ID: 2060 	| CREATION_DATE: 2018-08-20 	| OS: null 	| DEVICE_NAME: null
2019-07-19 10:41:34,850 DEBUG (DatabaseNeoConnection.java:33) [main] - | ID: 2101 	| ACTIVE: true 	| IMEI: 012345678901234 	| MSISDN: 8496558431 	| ACCOUNT_ID: 2060 	| CREATION_DATE: 2018-08-17 	| OS: null 	| DEVICE_NAME: null
2019-07-19 10:41:34,851 DEBUG (DatabaseNeoConnection.java:33) [main] - | ID: 5766 	| ACTIVE: false 	| IMEI: 5055565053525153 	| MSISDN: 8298679985 	| ACCOUNT_ID: 5409 	| CREATION_DATE: 2019-03-05 	| OS: null 	| DEVICE_NAME: null
2019-07-19 10:41:34,852 DEBUG (DatabaseNeoConnection.java:33) [main] - | ID: 5674 	| ACTIVE: false 	| IMEI: 5550995210055539 	| MSISDN: 8298679985 	| ACCOUNT_ID: 5409 	| CREATION_DATE: 2019-03-04 	| OS: null 	| DEVICE_NAME: null
2019-07-19 10:41:34,852 DEBUG (DatabaseNeoConnection.java:33) [main] - | ID: 5861 	| ACTIVE: false 	| IMEI: 9848974955535652 	| MSISDN: 8298679985 	| ACCOUNT_ID: 5409 	| CREATION_DATE: 2019-03-19 	| OS: null 	| DEVICE_NAME: null
2019-07-19 10:41:34,853 DEBUG (DatabaseNeoConnection.java:33) [main] - | ID: 2425 	| ACTIVE: false 	| IMEI: 65080f79-4d50-4c2f-b945-3ce4fb99539b 	| MSISDN: 8298991772 	| ACCOUNT_ID: 2424 	| CREATION_DATE: 2018-08-29 	| OS: null 	| DEVICE_NAME: null
2019-07-19 10:41:34,854 DEBUG (DatabaseNeoConnection.java:33) [main] - | ID: 2249 	| ACTIVE: false 	| IMEI: aedf234b-a8da-4a0d-b901-f1fc483defc4 	| MSISDN: 8293451276 	| ACCOUNT_ID: 1263 	| CREATION_DATE: 2018-08-28 	| OS: null 	| DEVICE_NAME: null
2019-07-19 10:41:34,855 DEBUG (DatabaseNeoConnection.java:33) [main] - | ID: 1356 	| ACTIVE: true 	| IMEI: 358809070882594 	| MSISDN: 8297553510 	| ACCOUNT_ID: 1355 	| CREATION_DATE: 2018-08-03 	| OS: null 	| DEVICE_NAME: null
2019-07-19 10:41:34,856 DEBUG (DatabaseNeoConnection.java:33) [main] - | ID: 5597 	| ACTIVE: false 	| IMEI: 1009997511029799 	| MSISDN: 8298679985 	| ACCOUNT_ID: 5409 	| CREATION_DATE: 2019-03-01 	| OS: null 	| DEVICE_NAME: null
2019-07-19 10:41:34,856 DEBUG (DatabaseNeoConnection.java:33) [main] - | ID: 824 	| ACTIVE: false 	| IMEI: 358809070882594 	| MSISDN: 8092577700 	| ACCOUNT_ID: 809 	| CREATION_DATE: 2018-07-13 	| OS: null 	| DEVICE_NAME: null
2019-07-19 10:41:34,857 DEBUG (DatabaseNeoConnection.java:33) [main] - | ID: 1270 	| ACTIVE: false 	| IMEI: 990004812906513 	| MSISDN: 8293451276 	| ACCOUNT_ID: 1263 	| CREATION_DATE: 2018-08-03 	| OS: null 	| DEVICE_NAME: null
2019-07-19 10:41:34,858 DEBUG (DatabaseNeoConnection.java:33) [main] - | ID: 2665 	| ACTIVE: false 	| IMEI: d4b5dce4-c9ba-4cd7-bb7c-5019d844f8e4 	| MSISDN: 8298991772 	| ACCOUNT_ID: 2424 	| CREATION_DATE: 2018-09-20 	| OS: null 	| DEVICE_NAME: null
2019-07-19 10:41:34,859 DEBUG (DatabaseNeoConnection.java:33) [main] - | ID: 2281 	| ACTIVE: false 	| IMEI: 69505a7c-1261-4e42-b326-f7989b278add 	| MSISDN: 8293451276 	| ACCOUNT_ID: 1263 	| CREATION_DATE: 2018-08-28 	| OS: null 	| DEVICE_NAME: null
2019-07-19 10:41:34,860 DEBUG (DatabaseNeoConnection.java:33) [main] - | ID: 1172 	| ACTIVE: true 	| IMEI: 861956030424551 	| MSISDN: 8094380771 	| ACCOUNT_ID: 1171 	| CREATION_DATE: 2018-07-30 	| OS: null 	| DEVICE_NAME: null
2019-07-19 10:41:34,861 DEBUG (DatabaseNeoConnection.java:33) [main] - | ID: 5494 	| ACTIVE: false 	| IMEI: 5252985297484898 	| MSISDN: 8298679985 	| ACCOUNT_ID: 5409 	| CREATION_DATE: 2019-03-01 	| OS: null 	| DEVICE_NAME: null
2019-07-19 10:41:34,861 DEBUG (DatabaseNeoConnection.java:33) [main] - | ID: 5481 	| ACTIVE: false 	| IMEI: 5557485757985755 	| MSISDN: 8298679985 	| ACCOUNT_ID: 5409 	| CREATION_DATE: 2019-03-01 	| OS: null 	| DEVICE_NAME: null
2019-07-19 10:41:34,862 DEBUG (DatabaseNeoConnection.java:33) [main] - | ID: 810 	| ACTIVE: false 	| IMEI: 358784080004622 	| MSISDN: 8092577700 	| ACCOUNT_ID: 809 	| CREATION_DATE: 2018-07-12 	| OS: null 	| DEVICE_NAME: null
2019-07-19 10:41:34,862 DEBUG (DatabaseNeoConnection.java:33) [main] - | ID: 2321 	| ACTIVE: false 	| IMEI: 359871063550389 	| MSISDN: 8293451276 	| ACCOUNT_ID: 1263 	| CREATION_DATE: 2018-08-28 	| OS: null 	| DEVICE_NAME: null
2019-07-19 10:41:34,863 DEBUG (DatabaseNeoConnection.java:33) [main] - | ID: 5529 	| ACTIVE: false 	| IMEI: 4949101974953975 	| MSISDN: 8298679985 	| ACCOUNT_ID: 5409 	| CREATION_DATE: 2019-03-01 	| OS: null 	| DEVICE_NAME: null
2019-07-19 10:41:34,864 DEBUG (DatabaseNeoConnection.java:33) [main] - | ID: 2545 	| ACTIVE: false 	| IMEI: 622b4f7f-7975-4b5e-a27c-346a53072b57 	| MSISDN: 8298991772 	| ACCOUNT_ID: 2424 	| CREATION_DATE: 2018-09-07 	| OS: null 	| DEVICE_NAME: null
2019-07-19 10:41:34,865 DEBUG (DatabaseNeoConnection.java:33) [main] - | ID: 813 	| ACTIVE: false 	| IMEI: 359667074890503 	| MSISDN: 8097962078 	| ACCOUNT_ID: 610 	| CREATION_DATE: 2018-07-12 	| OS: null 	| DEVICE_NAME: null
2019-07-19 10:41:34,866 DEBUG (DatabaseNeoConnection.java:33) [main] - | ID: 2253 	| ACTIVE: false 	| IMEI: 13b22fbe-be19-467e-a0fd-89b3dda57a51 	| MSISDN: 8293451276 	| ACCOUNT_ID: 1263 	| CREATION_DATE: 2018-08-28 	| OS: null 	| DEVICE_NAME: null
2019-07-19 10:41:34,867 DEBUG (DatabaseNeoConnection.java:33) [main] - | ID: 713 	| ACTIVE: false 	| IMEI: 353257063972839 	| MSISDN: 8099521818 	| ACCOUNT_ID: 710 	| CREATION_DATE: 2018-06-22 	| OS: null 	| DEVICE_NAME: null
2019-07-19 10:41:34,868 DEBUG (DatabaseNeoConnection.java:33) [main] - | ID: 852 	| ACTIVE: true 	| IMEI: 358809070882594 	| MSISDN: 8097962078 	| ACCOUNT_ID: 610 	| CREATION_DATE: 2018-07-18 	| OS: null 	| DEVICE_NAME: null
2019-07-19 10:41:34,868 DEBUG (DatabaseNeoConnection.java:33) [main] - | ID: 2270 	| ACTIVE: false 	| IMEI: 4a006dd1-dea9-4ae3-88c8-85b8300a7dc7 	| MSISDN: 8293451276 	| ACCOUNT_ID: 1263 	| CREATION_DATE: 2018-08-28 	| OS: null 	| DEVICE_NAME: null
2019-07-19 10:41:34,869 DEBUG (DatabaseNeoConnection.java:33) [main] - | ID: 5719 	| ACTIVE: false 	| IMEI: 5251481009748531 	| MSISDN: 8298679985 	| ACCOUNT_ID: 5409 	| CREATION_DATE: 2019-03-04 	| OS: null 	| DEVICE_NAME: null
2019-07-19 10:41:34,870 DEBUG (DatabaseNeoConnection.java:33) [main] - | ID: 2274 	| ACTIVE: false 	| IMEI: 485500a7-0cb6-4d2c-b160-8f6a1a8ebe42 	| MSISDN: 8293451276 	| ACCOUNT_ID: 1263 	| CREATION_DATE: 2018-08-28 	| OS: null 	| DEVICE_NAME: null
2019-07-19 10:41:34,870 DEBUG (DatabaseNeoConnection.java:33) [main] - | ID: 5613 	| ACTIVE: false 	| IMEI: 5051505053101985 	| MSISDN: 8298679985 	| ACCOUNT_ID: 5409 	| CREATION_DATE: 2019-03-01 	| OS: null 	| DEVICE_NAME: null
2019-07-19 10:41:34,876 DEBUG (DatabaseNeoConnection.java:33) [main] - | ID: 5740 	| ACTIVE: false 	| IMEI: 4849981011005357 	| MSISDN: 8298679985 	| ACCOUNT_ID: 5409 	| CREATION_DATE: 2019-03-05 	| OS: null 	| DEVICE_NAME: null
2019-07-19 10:41:34,877 DEBUG (DatabaseNeoConnection.java:33) [main] - | ID: 5811 	| ACTIVE: false 	| IMEI: 9999539997525610 	| MSISDN: 8298679985 	| ACCOUNT_ID: 5409 	| CREATION_DATE: 2019-03-12 	| OS: null 	| DEVICE_NAME: null
2019-07-19 10:41:34,880 DEBUG (DatabaseNeoConnection.java:33) [main] - | ID: 2728 	| ACTIVE: false 	| IMEI: 6d0bab42-f206-4eff-8fa4-caaca1f6ef82 	| MSISDN: 8296487404 	| ACCOUNT_ID: 2565 	| CREATION_DATE: 2018-09-20 	| OS: null 	| DEVICE_NAME: null
2019-07-19 10:41:34,880 DEBUG (DatabaseNeoConnection.java:33) [main] - | ID: 2566 	| ACTIVE: false 	| IMEI: 359871063550389 	| MSISDN: 8296487404 	| ACCOUNT_ID: 2565 	| CREATION_DATE: 2018-09-07 	| OS: null 	| DEVICE_NAME: null
2019-07-19 10:41:34,881 DEBUG (DatabaseNeoConnection.java:33) [main] - | ID: 2061 	| ACTIVE: false 	| IMEI: e9c8a756-e00a-48cb-a08a-c5e70cf9ed8b 	| MSISDN: 8496558431 	| ACCOUNT_ID: 2060 	| CREATION_DATE: 2018-08-14 	| OS: null 	| DEVICE_NAME: null
2019-07-19 10:41:34,882 DEBUG (DatabaseNeoConnection.java:33) [main] - | ID: 5744 	| ACTIVE: false 	| IMEI: 5110299559910153 	| MSISDN: 8298679985 	| ACCOUNT_ID: 5409 	| CREATION_DATE: 2019-03-05 	| OS: null 	| DEVICE_NAME: null
2019-07-19 10:41:34,883 DEBUG (DatabaseNeoConnection.java:33) [main] - | ID: 5748 	| ACTIVE: false 	| IMEI: 9952984948535251 	| MSISDN: 8298679985 	| ACCOUNT_ID: 5409 	| CREATION_DATE: 2019-03-05 	| OS: null 	| DEVICE_NAME: null
2019-07-19 10:41:34,884 DEBUG (DatabaseNeoConnection.java:33) [main] - | ID: 5887 	| ACTIVE: false 	| IMEI: 5255975552524997 	| MSISDN: 8298679985 	| ACCOUNT_ID: 5409 	| CREATION_DATE: 2019-03-21 	| OS: null 	| DEVICE_NAME: null
2019-07-19 10:41:34,885 DEBUG (DatabaseNeoConnection.java:33) [main] - | ID: 2751 	| ACTIVE: false 	| IMEI: df21801d-9109-4717-b06b-c6fa64fba91a 	| MSISDN: 8296487404 	| ACCOUNT_ID: 2565 	| CREATION_DATE: 2018-09-25 	| OS: null 	| DEVICE_NAME: null
2019-07-19 10:41:34,886 DEBUG (DatabaseNeoConnection.java:33) [main] - | ID: 6108 	| ACTIVE: false 	| IMEI: 1019957535510257 	| MSISDN: 8296386677 	| ACCOUNT_ID: 5998 	| CREATION_DATE: 2019-04-12 	| OS: null 	| DEVICE_NAME: null
2019-07-19 10:41:34,887 DEBUG (DatabaseNeoConnection.java:33) [main] - | ID: 6112 	| ACTIVE: false 	| IMEI: 351815080107176 	| MSISDN: 8296386677 	| ACCOUNT_ID: 5998 	| CREATION_DATE: 2019-04-12 	| OS: null 	| DEVICE_NAME: null
2019-07-19 10:41:34,888 DEBUG (DatabaseNeoConnection.java:33) [main] - | ID: 5978 	| ACTIVE: false 	| IMEI: 5599515010299102 	| MSISDN: 8298679985 	| ACCOUNT_ID: 5409 	| CREATION_DATE: 2019-03-28 	| OS: null 	| DEVICE_NAME: null
2019-07-19 10:41:34,889 DEBUG (DatabaseNeoConnection.java:33) [main] - | ID: 2303 	| ACTIVE: false 	| IMEI: 02db6834-718b-4a9f-94ff-47e9b62e6c01 	| MSISDN: 8296193835 	| ACCOUNT_ID: 1697 	| CREATION_DATE: 2018-08-28 	| OS: null 	| DEVICE_NAME: null
2019-07-19 10:41:34,890 DEBUG (DatabaseNeoConnection.java:33) [main] - | ID: 5968 	| ACTIVE: false 	| IMEI: 5699544856515450 	| MSISDN: 8298679985 	| ACCOUNT_ID: 5409 	| CREATION_DATE: 2019-03-28 	| OS: null 	| DEVICE_NAME: null
2019-07-19 10:41:34,891 DEBUG (DatabaseNeoConnection.java:33) [main] - | ID: 6150 	| ACTIVE: false 	| IMEI: 351815080107176 	| MSISDN: 8297556593 	| ACCOUNT_ID: 5312 	| CREATION_DATE: 2019-04-22 	| OS: null 	| DEVICE_NAME: null
2019-07-19 10:41:34,892 DEBUG (DatabaseNeoConnection.java:33) [main] - | ID: 6116 	| ACTIVE: false 	| IMEI: 5310050515456504 	| MSISDN: 8296386677 	| ACCOUNT_ID: 5998 	| CREATION_DATE: 2019-04-12 	| OS: null 	| DEVICE_NAME: null
2019-07-19 10:41:34,893 DEBUG (DatabaseNeoConnection.java:33) [main] - | ID: 6135 	| ACTIVE: false 	| IMEI: 352637071077591 	| MSISDN: 8094624948 	| ACCOUNT_ID: 6087 	| CREATION_DATE: 2019-04-12 	| OS: null 	| DEVICE_NAME: null
2019-07-19 10:41:34,893 DEBUG (DatabaseNeoConnection.java:33) [main] - | ID: 6053 	| ACTIVE: false 	| IMEI: 1025150102545199 	| MSISDN: 8297556593 	| ACCOUNT_ID: 5312 	| CREATION_DATE: 2019-04-04 	| OS: null 	| DEVICE_NAME: null
2019-07-19 10:41:34,894 DEBUG (DatabaseNeoConnection.java:33) [main] - | ID: 2942 	| ACTIVE: false 	| IMEI: 352637070606069 	| MSISDN: 8296487404 	| ACCOUNT_ID: 2565 	| CREATION_DATE: 2018-10-03 	| OS: null 	| DEVICE_NAME: null
2019-07-19 10:41:34,894 DEBUG (DatabaseNeoConnection.java:33) [main] - | ID: 3005 	| ACTIVE: true 	| IMEI: 356938035643809 	| MSISDN: 8296487404 	| ACCOUNT_ID: 2565 	| CREATION_DATE: 2018-10-11 	| OS: null 	| DEVICE_NAME: null
2019-07-19 10:41:34,895 DEBUG (DatabaseNeoConnection.java:33) [main] - | ID: 1264 	| ACTIVE: true 	| IMEI: 358809070882594 	| MSISDN: 8293451276 	| ACCOUNT_ID: 1263 	| CREATION_DATE: 2018-08-02 	| OS: null 	| DEVICE_NAME: null
2019-07-19 10:41:34,895 DEBUG (DatabaseNeoConnection.java:33) [main] - | ID: 4342 	| ACTIVE: true 	| IMEI: 356904090470942 	| MSISDN: 8092577700 	| ACCOUNT_ID: 809 	| CREATION_DATE: 2019-01-08 	| OS: null 	| DEVICE_NAME: null
2019-07-19 10:41:34,895 DEBUG (DatabaseNeoConnection.java:33) [main] - | ID: 3096 	| ACTIVE: false 	| IMEI: 5052995150100102 	| MSISDN: 8298991772 	| ACCOUNT_ID: 2424 	| CREATION_DATE: 2018-10-15 	| OS: null 	| DEVICE_NAME: null
2019-07-19 10:41:34,896 DEBUG (DatabaseNeoConnection.java:33) [main] - | ID: 2695 	| ACTIVE: false 	| IMEI: 643f8860-78fd-4eec-bfaf-a9fecbfb374e 	| MSISDN: 8298991772 	| ACCOUNT_ID: 2424 	| CREATION_DATE: 2018-09-20 	| OS: null 	| DEVICE_NAME: null
2019-07-19 10:41:34,896 DEBUG (DatabaseNeoConnection.java:33) [main] - | ID: 5313 	| ACTIVE: false 	| IMEI: 5052100495256569 	| MSISDN: 8297556593 	| ACCOUNT_ID: 5312 	| CREATION_DATE: 2019-02-25 	| OS: null 	| DEVICE_NAME: null
2019-07-19 10:41:34,897 DEBUG (DatabaseNeoConnection.java:33) [main] - | ID: 5650 	| ACTIVE: false 	| IMEI: 5453102102985710 	| MSISDN: 8298679985 	| ACCOUNT_ID: 5409 	| CREATION_DATE: 2019-03-04 	| OS: null 	| DEVICE_NAME: null
2019-07-19 10:41:34,898 DEBUG (DatabaseNeoConnection.java:33) [main] - | ID: 6038 	| ACTIVE: false 	| IMEI: 5348101511021025 	| MSISDN: 8297556593 	| ACCOUNT_ID: 5312 	| CREATION_DATE: 2019-04-02 	| OS: null 	| DEVICE_NAME: null
2019-07-19 10:41:34,898 DEBUG (DatabaseNeoConnection.java:33) [main] - | ID: 5410 	| ACTIVE: false 	| IMEI: 9956561005551539 	| MSISDN: 8298679985 	| ACCOUNT_ID: 5409 	| CREATION_DATE: 2019-02-26 	| OS: null 	| DEVICE_NAME: null
2019-07-19 10:41:34,898 DEBUG (DatabaseNeoConnection.java:33) [main] - | ID: 5853 	| ACTIVE: false 	| IMEI: 5610057981025651 	| MSISDN: 8298679985 	| ACCOUNT_ID: 5409 	| CREATION_DATE: 2019-03-19 	| OS: null 	| DEVICE_NAME: null
2019-07-19 10:41:34,899 DEBUG (DatabaseNeoConnection.java:33) [main] - | ID: 5416 	| ACTIVE: false 	| IMEI: 9898545253991004 	| MSISDN: 8298679985 	| ACCOUNT_ID: 5409 	| CREATION_DATE: 2019-02-26 	| OS: null 	| DEVICE_NAME: null
2019-07-19 10:41:34,899 DEBUG (DatabaseNeoConnection.java:33) [main] - | ID: 5709 	| ACTIVE: false 	| IMEI: 1025257979854101 	| MSISDN: 8298679985 	| ACCOUNT_ID: 5409 	| CREATION_DATE: 2019-03-04 	| OS: null 	| DEVICE_NAME: null
2019-07-19 10:41:34,900 DEBUG (DatabaseNeoConnection.java:33) [main] - | ID: 6003 	| ACTIVE: false 	| IMEI: 357537083228064 	| MSISDN: 8296386677 	| ACCOUNT_ID: 5998 	| CREATION_DATE: 2019-03-29 	| OS: null 	| DEVICE_NAME: null
2019-07-19 10:41:34,900 DEBUG (DatabaseNeoConnection.java:33) [main] - | ID: 5439 	| ACTIVE: false 	| IMEI: 5397521019710299 	| MSISDN: 8298679985 	| ACCOUNT_ID: 5409 	| CREATION_DATE: 2019-02-28 	| OS: null 	| DEVICE_NAME: null
2019-07-19 10:41:34,901 DEBUG (DatabaseNeoConnection.java:33) [main] - | ID: 5882 	| ACTIVE: false 	| IMEI: 5148985453100515 	| MSISDN: 8298679985 	| ACCOUNT_ID: 5409 	| CREATION_DATE: 2019-03-21 	| OS: null 	| DEVICE_NAME: null
2019-07-19 10:41:34,901 DEBUG (DatabaseNeoConnection.java:33) [main] - | ID: 6101 	| ACTIVE: false 	| IMEI: 5055100100515453 	| MSISDN: 8296386677 	| ACCOUNT_ID: 5998 	| CREATION_DATE: 2019-04-12 	| OS: null 	| DEVICE_NAME: null
2019-07-19 10:41:34,902 DEBUG (DatabaseNeoConnection.java:33) [main] - | ID: 5507 	| ACTIVE: false 	| IMEI: 5654504953995010 	| MSISDN: 8298679985 	| ACCOUNT_ID: 5409 	| CREATION_DATE: 2019-03-01 	| OS: null 	| DEVICE_NAME: null
2019-07-19 10:41:34,902 DEBUG (DatabaseNeoConnection.java:33) [main] - | ID: 5898 	| ACTIVE: false 	| IMEI: 5453484910056975 	| MSISDN: 8298679985 	| ACCOUNT_ID: 5409 	| CREATION_DATE: 2019-03-25 	| OS: null 	| DEVICE_NAME: null
2019-07-19 10:41:34,903 DEBUG (DatabaseNeoConnection.java:33) [main] - | ID: 5544 	| ACTIVE: false 	| IMEI: 5597985253975352 	| MSISDN: 8298679985 	| ACCOUNT_ID: 5409 	| CREATION_DATE: 2019-03-01 	| OS: null 	| DEVICE_NAME: null
2019-07-19 10:41:34,903 DEBUG (DatabaseNeoConnection.java:33) [main] - | ID: 5551 	| ACTIVE: false 	| IMEI: 9998995251521009 	| MSISDN: 8298679985 	| ACCOUNT_ID: 5409 	| CREATION_DATE: 2019-03-01 	| OS: null 	| DEVICE_NAME: null
2019-07-19 10:41:34,904 DEBUG (DatabaseNeoConnection.java:33) [main] - | ID: 5572 	| ACTIVE: false 	| IMEI: 5455539954101499 	| MSISDN: 8298679985 	| ACCOUNT_ID: 5409 	| CREATION_DATE: 2019-03-01 	| OS: null 	| DEVICE_NAME: null
2019-07-19 10:41:34,904 DEBUG (DatabaseNeoConnection.java:33) [main] - | ID: 5944 	| ACTIVE: false 	| IMEI: 5097539897525148 	| MSISDN: 8298679985 	| ACCOUNT_ID: 5409 	| CREATION_DATE: 2019-03-28 	| OS: null 	| DEVICE_NAME: null
2019-07-19 10:41:34,905 DEBUG (DatabaseNeoConnection.java:33) [main] - | ID: 5602 	| ACTIVE: false 	| IMEI: 9710048509898995 	| MSISDN: 8298679985 	| ACCOUNT_ID: 5409 	| CREATION_DATE: 2019-03-01 	| OS: null 	| DEVICE_NAME: null
2019-07-19 10:41:34,905 DEBUG (DatabaseNeoConnection.java:33) [main] - | ID: 5731 	| ACTIVE: false 	| IMEI: 352637070606069 	| MSISDN: 8298679985 	| ACCOUNT_ID: 5409 	| CREATION_DATE: 2019-03-05 	| OS: null 	| DEVICE_NAME: null
2019-07-19 10:41:34,906 DEBUG (DatabaseNeoConnection.java:33) [main] - | ID: 6192 	| ACTIVE: true 	| IMEI: null 	| MSISDN: 8296386677 	| ACCOUNT_ID: 5998 	| CREATION_DATE: 2019-05-03 	| OS: IOS 	| DEVICE_NAME: null
2019-07-19 10:41:34,908 DEBUG (DatabaseNeoConnection.java:33) [main] - | ID: 6088 	| ACTIVE: false 	| IMEI: 1019957535510257 	| MSISDN: 8094624948 	| ACCOUNT_ID: 6087 	| CREATION_DATE: 2019-04-09 	| OS: null 	| DEVICE_NAME: null
2019-07-19 10:41:34,909 DEBUG (DatabaseNeoConnection.java:33) [main] - | ID: 6126 	| ACTIVE: false 	| IMEI: 5397545410199485 	| MSISDN: 8296386677 	| ACCOUNT_ID: 5998 	| CREATION_DATE: 2019-04-12 	| OS: null 	| DEVICE_NAME: null
2019-07-19 10:41:34,909 DEBUG (DatabaseNeoConnection.java:33) [main] - | ID: 5999 	| ACTIVE: false 	| IMEI: 5298979953514856 	| MSISDN: 8296386677 	| ACCOUNT_ID: 5998 	| CREATION_DATE: 2019-03-29 	| OS: null 	| DEVICE_NAME: null
2019-07-19 10:41:34,910 DEBUG (DatabaseNeoConnection.java:33) [main] - | ID: 6406 	| ACTIVE: true 	| IMEI: 012345678901234 	| MSISDN: 8094042706 	| ACCOUNT_ID: 6404 	| CREATION_DATE: 2019-06-29 	| OS: ANDROID 	| DEVICE_NAME: null
2019-07-19 10:41:34,910 DEBUG (DatabaseNeoConnection.java:33) [main] - | ID: 5814 	| ACTIVE: false 	| IMEI: 9957539750101511 	| MSISDN: 8298679985 	| ACCOUNT_ID: 5409 	| CREATION_DATE: 2019-03-13 	| OS: null 	| DEVICE_NAME: null
2019-07-19 10:41:34,911 DEBUG (DatabaseNeoConnection.java:33) [main] - | ID: 6034 	| ACTIVE: false 	| IMEI: null 	| MSISDN: 8298679985 	| ACCOUNT_ID: 5409 	| CREATION_DATE: 2019-04-02 	| OS: IOS 	| DEVICE_NAME: null
2019-07-19 10:41:34,911 DEBUG (DatabaseNeoConnection.java:33) [main] - | ID: 6169 	| ACTIVE: false 	| IMEI: 5297102569955569 	| MSISDN: 8297556593 	| ACCOUNT_ID: 5312 	| CREATION_DATE: 2019-04-30 	| OS: null 	| DEVICE_NAME: null
2019-07-19 10:41:34,912 DEBUG (DatabaseNeoConnection.java:33) [main] - | ID: 6144 	| ACTIVE: false 	| IMEI: 4854571005597519 	| MSISDN: 8296386677 	| ACCOUNT_ID: 5998 	| CREATION_DATE: 2019-04-15 	| OS: null 	| DEVICE_NAME: null
2019-07-19 10:41:34,912 DEBUG (DatabaseNeoConnection.java:33) [main] - | ID: 6176 	| ACTIVE: false 	| IMEI: 9854985710210010 	| MSISDN: 8298679985 	| ACCOUNT_ID: 5409 	| CREATION_DATE: 2019-04-30 	| OS: null 	| DEVICE_NAME: null
2019-07-19 10:41:34,913 DEBUG (DatabaseNeoConnection.java:33) [main] - | ID: 6539 	| ACTIVE: false 	| IMEI: 012345678901234 	| MSISDN: 8298679985 	| ACCOUNT_ID: 5409 	| CREATION_DATE: 2019-07-15 	| OS: ANDROID 	| DEVICE_NAME: null
2019-07-19 10:41:34,913 DEBUG (DatabaseNeoConnection.java:33) [main] - | ID: 6206 	| ACTIVE: false 	| IMEI: 1029998511015551 	| MSISDN: 8298679985 	| ACCOUNT_ID: 5409 	| CREATION_DATE: 2019-05-09 	| OS: null 	| DEVICE_NAME: null
2019-07-19 10:41:34,914 DEBUG (DatabaseNeoConnection.java:33) [main] - | ID: 6210 	| ACTIVE: false 	| IMEI: 1019856101545710 	| MSISDN: 8298679985 	| ACCOUNT_ID: 5409 	| CREATION_DATE: 2019-05-09 	| OS: null 	| DEVICE_NAME: null
2019-07-19 10:41:34,914 DEBUG (DatabaseNeoConnection.java:33) [main] - | ID: 6221 	| ACTIVE: true 	| IMEI: 9951509950529850 	| MSISDN: 8094624948 	| ACCOUNT_ID: 6087 	| CREATION_DATE: 2019-05-14 	| OS: null 	| DEVICE_NAME: null
2019-07-19 10:41:34,914 DEBUG (DatabaseNeoConnection.java:33) [main] - | ID: 6217 	| ACTIVE: false 	| IMEI: 5550484954491005 	| MSISDN: 8298679985 	| ACCOUNT_ID: 5409 	| CREATION_DATE: 2019-05-14 	| OS: null 	| DEVICE_NAME: null
2019-07-19 10:41:34,915 DEBUG (DatabaseNeoConnection.java:33) [main] - | ID: 6188 	| ACTIVE: false 	| IMEI: 9799524855565610 	| MSISDN: 8297556593 	| ACCOUNT_ID: 5312 	| CREATION_DATE: 2019-05-01 	| OS: null 	| DEVICE_NAME: null
2019-07-19 10:41:34,915 DEBUG (DatabaseNeoConnection.java:33) [main] - | ID: 6231 	| ACTIVE: false 	| IMEI: 5448494953102525 	| MSISDN: 8297556593 	| ACCOUNT_ID: 5312 	| CREATION_DATE: 2019-05-15 	| OS: null 	| DEVICE_NAME: null
2019-07-19 10:41:34,916 DEBUG (DatabaseNeoConnection.java:33) [main] - | ID: 6235 	| ACTIVE: true 	| IMEI: 5256525710151575 	| MSISDN: 8297556593 	| ACCOUNT_ID: 5312 	| CREATION_DATE: 2019-05-15 	| OS: null 	| DEVICE_NAME: null
2019-07-19 10:41:34,917 DEBUG (DatabaseNeoConnection.java:33) [main] - | ID: 6241 	| ACTIVE: true 	| IMEI: 1024899505251100 	| MSISDN: 8297555319 	| ACCOUNT_ID: 6240 	| CREATION_DATE: 2019-05-15 	| OS: null 	| DEVICE_NAME: null
2019-07-19 10:41:34,917 DEBUG (DatabaseNeoConnection.java:33) [main] - | ID: 6260 	| ACTIVE: true 	| IMEI: 5752100541029753 	| MSISDN: 8299626844 	| ACCOUNT_ID: 6259 	| CREATION_DATE: 2019-05-15 	| OS: null 	| DEVICE_NAME: null
2019-07-19 10:41:34,920 DEBUG (DatabaseNeoConnection.java:33) [main] - | ID: 6227 	| ACTIVE: false 	| IMEI: 1014850514850499 	| MSISDN: 8298679985 	| ACCOUNT_ID: 5409 	| CREATION_DATE: 2019-05-14 	| OS: null 	| DEVICE_NAME: null
2019-07-19 10:41:34,923 DEBUG (DatabaseNeoConnection.java:33) [main] - | ID: 6285 	| ACTIVE: false 	| IMEI: 5455535253485754 	| MSISDN: 8298679985 	| ACCOUNT_ID: 5409 	| CREATION_DATE: 2019-05-24 	| OS: null 	| DEVICE_NAME: null
2019-07-19 10:41:34,925 DEBUG (DatabaseNeoConnection.java:33) [main] - | ID: 3431 	| ACTIVE: true 	| IMEI: 865841030493937 	| MSISDN: 8298991772 	| ACCOUNT_ID: 2424 	| CREATION_DATE: 2018-10-31 	| OS: null 	| DEVICE_NAME: null
2019-07-19 10:41:34,925 DEBUG (DatabaseNeoConnection.java:33) [main] - | ID: 5865 	| ACTIVE: false 	| IMEI: 1021025456995710 	| MSISDN: 8298679985 	| ACCOUNT_ID: 5409 	| CREATION_DATE: 2019-03-20 	| OS: null 	| DEVICE_NAME: null
2019-07-19 10:41:34,926 DEBUG (DatabaseNeoConnection.java:33) [main] - | ID: 5426 	| ACTIVE: false 	| IMEI: 5698534898505554 	| MSISDN: 8298679985 	| ACCOUNT_ID: 5409 	| CREATION_DATE: 2019-02-28 	| OS: null 	| DEVICE_NAME: null
2019-07-19 10:41:34,927 DEBUG (DatabaseNeoConnection.java:33) [main] - | ID: 5700 	| ACTIVE: false 	| IMEI: 4897102484810157 	| MSISDN: 8298679985 	| ACCOUNT_ID: 5409 	| CREATION_DATE: 2019-03-04 	| OS: null 	| DEVICE_NAME: null
2019-07-19 10:41:34,927 DEBUG (DatabaseNeoConnection.java:33) [main] - | ID: 5874 	| ACTIVE: false 	| IMEI: 5697974954505157 	| MSISDN: 8298679985 	| ACCOUNT_ID: 5409 	| CREATION_DATE: 2019-03-20 	| OS: null 	| DEVICE_NAME: null
2019-07-19 10:41:34,928 DEBUG (DatabaseNeoConnection.java:33) [main] - | ID: 3482 	| ACTIVE: true 	| IMEI: 1025657102531001 	| MSISDN: 8095682688 	| ACCOUNT_ID: 3481 	| CREATION_DATE: 2018-11-07 	| OS: null 	| DEVICE_NAME: null
2019-07-19 10:41:34,928 DEBUG (DatabaseNeoConnection.java:33) [main] - | ID: 5714 	| ACTIVE: false 	| IMEI: 5698531005053101 	| MSISDN: 8298679985 	| ACCOUNT_ID: 5409 	| CREATION_DATE: 2019-03-04 	| OS: null 	| DEVICE_NAME: null
2019-07-19 10:41:34,929 DEBUG (DatabaseNeoConnection.java:33) [main] - | ID: 5892 	| ACTIVE: false 	| IMEI: 5399101571011025 	| MSISDN: 8298679985 	| ACCOUNT_ID: 5409 	| CREATION_DATE: 2019-03-21 	| OS: null 	| DEVICE_NAME: null
2019-07-19 10:41:34,929 DEBUG (DatabaseNeoConnection.java:33) [main] - | ID: 5516 	| ACTIVE: false 	| IMEI: 1014956101515757 	| MSISDN: 8298679985 	| ACCOUNT_ID: 5409 	| CREATION_DATE: 2019-03-01 	| OS: null 	| DEVICE_NAME: null
2019-07-19 10:41:34,930 DEBUG (DatabaseNeoConnection.java:33) [main] - | ID: 5537 	| ACTIVE: false 	| IMEI: 5748545099555348 	| MSISDN: 8298679985 	| ACCOUNT_ID: 5409 	| CREATION_DATE: 2019-03-01 	| OS: null 	| DEVICE_NAME: null
2019-07-19 10:41:34,931 DEBUG (DatabaseNeoConnection.java:33) [main] - | ID: 5560 	| ACTIVE: false 	| IMEI: 1009855101511025 	| MSISDN: 8298679985 	| ACCOUNT_ID: 5409 	| CREATION_DATE: 2019-03-01 	| OS: null 	| DEVICE_NAME: null
2019-07-19 10:41:34,931 DEBUG (DatabaseNeoConnection.java:33) [main] - | ID: 5919 	| ACTIVE: false 	| IMEI: 9950575697571021 	| MSISDN: 8298679985 	| ACCOUNT_ID: 5409 	| CREATION_DATE: 2019-03-26 	| OS: null 	| DEVICE_NAME: null
2019-07-19 10:41:34,932 DEBUG (DatabaseNeoConnection.java:33) [main] - | ID: 5578 	| ACTIVE: false 	| IMEI: 9798549999100535 	| MSISDN: 8298679985 	| ACCOUNT_ID: 5409 	| CREATION_DATE: 2019-03-01 	| OS: null 	| DEVICE_NAME: null
2019-07-19 10:41:34,932 DEBUG (DatabaseNeoConnection.java:33) [main] - | ID: 5592 	| ACTIVE: false 	| IMEI: 9956102975256575 	| MSISDN: 8298679985 	| ACCOUNT_ID: 5409 	| CREATION_DATE: 2019-03-01 	| OS: null 	| DEVICE_NAME: null
2019-07-19 10:41:34,933 DEBUG (DatabaseNeoConnection.java:33) [main] - | ID: 5940 	| ACTIVE: false 	| IMEI: 4810210051102525 	| MSISDN: 8298679985 	| ACCOUNT_ID: 5409 	| CREATION_DATE: 2019-03-27 	| OS: null 	| DEVICE_NAME: null
2019-07-19 10:41:34,933 DEBUG (DatabaseNeoConnection.java:33) [main] - | ID: 5608 	| ACTIVE: false 	| IMEI: 1015699559853101 	| MSISDN: 8298679985 	| ACCOUNT_ID: 5409 	| CREATION_DATE: 2019-03-01 	| OS: null 	| DEVICE_NAME: null
2019-07-19 10:41:34,934 DEBUG (DatabaseNeoConnection.java:33) [main] - | ID: 5788 	| ACTIVE: true 	| IMEI: null 	| MSISDN: 8298679985 	| ACCOUNT_ID: 5409 	| CREATION_DATE: 2019-03-06 	| OS: IOS 	| DEVICE_NAME: null
2019-07-19 10:41:34,934 DEBUG (DatabaseNeoConnection.java:33) [main] - | ID: 5960 	| ACTIVE: false 	| IMEI: 4948485449534948 	| MSISDN: 8298679985 	| ACCOUNT_ID: 5409 	| CREATION_DATE: 2019-03-28 	| OS: null 	| DEVICE_NAME: null
2019-07-19 10:41:34,935 DEBUG (DatabaseNeoConnection.java:33) [main] - | ID: 6008 	| ACTIVE: false 	| IMEI: 5697549748485298 	| MSISDN: 8298679985 	| ACCOUNT_ID: 5409 	| CREATION_DATE: 2019-03-29 	| OS: null 	| DEVICE_NAME: null
2019-07-19 10:41:34,935 DEBUG (DatabaseNeoConnection.java:33) [main] - | ID: 6157 	| ACTIVE: false 	| IMEI: 1004899539953491 	| MSISDN: 8297556593 	| ACCOUNT_ID: 5312 	| CREATION_DATE: 2019-04-23 	| OS: null 	| DEVICE_NAME: null
2019-07-19 10:41:34,935 DEBUG (DatabaseNeoConnection.java:33) [main] - | ID: 6180 	| ACTIVE: false 	| IMEI: 9854985710210010 	| MSISDN: 8297556593 	| ACCOUNT_ID: 5312 	| CREATION_DATE: 2019-04-30 	| OS: null 	| DEVICE_NAME: null
2019-07-19 10:41:34,936 DEBUG (DatabaseNeoConnection.java:33) [main] - | ID: 5363 	| ACTIVE: false 	| IMEI: 352637070606069 	| MSISDN: 8297556593 	| ACCOUNT_ID: 5312 	| CREATION_DATE: 2019-02-25 	| OS: null 	| DEVICE_NAME: null
2019-07-19 10:41:34,936 DEBUG (DatabaseNeoConnection.java:33) [main] - | ID: 6122 	| ACTIVE: false 	| IMEI: 012345678901234 	| MSISDN: 8094624948 	| ACCOUNT_ID: 6087 	| CREATION_DATE: 2019-04-12 	| OS: null 	| DEVICE_NAME: null
2019-07-19 10:41:34,937 DEBUG (DatabaseNeoConnection.java:33) [main] - | ID: 6249 	| ACTIVE: true 	| IMEI: 5349521005510048 	| MSISDN: 8097152029 	| ACCOUNT_ID: 6248 	| CREATION_DATE: 2019-05-15 	| OS: null 	| DEVICE_NAME: null
2019-07-19 10:41:34,937 DEBUG (DatabaseNeoConnection.java:33) [main] - | ID: 6270 	| ACTIVE: true 	| IMEI: 5410252515597995 	| MSISDN: 8297236060 	| ACCOUNT_ID: 6269 	| CREATION_DATE: 2019-05-21 	| OS: null 	| DEVICE_NAME: null
2019-07-19 10:41:34,938 DEBUG (DatabaseNeoConnection.java:33) [main] - | ID: 5465 	| ACTIVE: false 	| IMEI: 1024850521005550 	| MSISDN: 8092577700 	| ACCOUNT_ID: 809 	| CREATION_DATE: 2019-02-28 	| OS: null 	| DEVICE_NAME: null
2019-07-19 10:41:34,938 DEBUG (DatabaseNeoConnection.java:45) [main] - getting the connection with database......
2019-07-19 10:41:34,974 DEBUG (DatabaseNeoConnection.java:49) [main] - create Statement....
2019-07-19 10:41:34,974 DEBUG (DatabaseNeoConnection.java:52) [main] - prepared query: select a.id,a.active,a.blocked, a.email, a.email, a.user_name,       d.id, d.device_name,d.msisdn from device d join account a on d.account_id = a.id where (a.user_name = ? or a.email = ?) and d.active = true
2019-07-19 10:41:34,982 DEBUG (DatabaseNeoConnection.java:56) [main] - | ID: 5998 	| ACTIVE: true 	| BLOCKED: false 	| EMAIL: fgenao@gcs-systems.com 	| USER_NAME: fgenao@gcs-systems.com 	| ID: 5998 	| DEVICE_NAME: null 	| MSISDN: 8296386677 	
2019-07-19 10:41:34,983 DEBUG (DatabaseNeoConnection.java:68) [main] - getting the connection with database......
2019-07-19 10:41:35,009 DEBUG (DatabaseNeoConnection.java:72) [main] - create Statement....
2019-07-19 10:41:35,010 DEBUG (DatabaseNeoConnection.java:75) [main] - prepared query: select a.id as account_id, a.email, a.user_name, d.id as device_id, d.device_name,d.msisdn, d.imei, d.os from device d join account a on d.account_id = a.id where (a.user_name = ? or a.email = ?)
2019-07-19 10:41:35,056 DEBUG (DatabaseNeoConnection.java:78) [main] - | ID: 5998 	| EMAIL: fgenao@gcs-systems.com 	| USER_NAME: fgenao@gcs-systems.com 	| ID: 6108 	| DEVICE_NAME: null 	| MSISDN:  8296386677 	| IMEI: 1019957535510257 	| OS: null 	
2019-07-19 10:41:35,057 DEBUG (DatabaseNeoConnection.java:78) [main] - | ID: 5998 	| EMAIL: fgenao@gcs-systems.com 	| USER_NAME: fgenao@gcs-systems.com 	| ID: 6112 	| DEVICE_NAME: null 	| MSISDN:  8296386677 	| IMEI: 351815080107176 	| OS: null 	
2019-07-19 10:41:35,057 DEBUG (DatabaseNeoConnection.java:78) [main] - | ID: 5998 	| EMAIL: fgenao@gcs-systems.com 	| USER_NAME: fgenao@gcs-systems.com 	| ID: 6116 	| DEVICE_NAME: null 	| MSISDN:  8296386677 	| IMEI: 5310050515456504 	| OS: null 	
2019-07-19 10:41:35,057 DEBUG (DatabaseNeoConnection.java:78) [main] - | ID: 5998 	| EMAIL: fgenao@gcs-systems.com 	| USER_NAME: fgenao@gcs-systems.com 	| ID: 6003 	| DEVICE_NAME: null 	| MSISDN:  8296386677 	| IMEI: 357537083228064 	| OS: null 	
2019-07-19 10:41:35,057 DEBUG (DatabaseNeoConnection.java:78) [main] - | ID: 5998 	| EMAIL: fgenao@gcs-systems.com 	| USER_NAME: fgenao@gcs-systems.com 	| ID: 6101 	| DEVICE_NAME: null 	| MSISDN:  8296386677 	| IMEI: 5055100100515453 	| OS: null 	
2019-07-19 10:41:35,058 DEBUG (DatabaseNeoConnection.java:78) [main] - | ID: 5998 	| EMAIL: fgenao@gcs-systems.com 	| USER_NAME: fgenao@gcs-systems.com 	| ID: 6192 	| DEVICE_NAME: null 	| MSISDN:  8296386677 	| IMEI: null 	| OS: IOS 	
2019-07-19 10:41:35,058 DEBUG (DatabaseNeoConnection.java:78) [main] - | ID: 5998 	| EMAIL: fgenao@gcs-systems.com 	| USER_NAME: fgenao@gcs-systems.com 	| ID: 6126 	| DEVICE_NAME: null 	| MSISDN:  8296386677 	| IMEI: 5397545410199485 	| OS: null 	
2019-07-19 10:41:35,058 DEBUG (DatabaseNeoConnection.java:78) [main] - | ID: 5998 	| EMAIL: fgenao@gcs-systems.com 	| USER_NAME: fgenao@gcs-systems.com 	| ID: 5999 	| DEVICE_NAME: null 	| MSISDN:  8296386677 	| IMEI: 5298979953514856 	| OS: null 	
2019-07-19 10:41:35,058 DEBUG (DatabaseNeoConnection.java:78) [main] - | ID: 5998 	| EMAIL: fgenao@gcs-systems.com 	| USER_NAME: fgenao@gcs-systems.com 	| ID: 6144 	| DEVICE_NAME: null 	| MSISDN:  8296386677 	| IMEI: 4854571005597519 	| OS: null 	
2019-07-19 10:41:35,085 DEBUG (DatabaseTxnConnection.java:31) [main] - create Statement....
2019-07-19 10:41:35,085 DEBUG (DatabaseTxnConnection.java:33) [main] - prepared query: select i.id, i.status status_ident, m.msisdn, m.status status_clien,        m.isprimary, pt.partner_name as Telco from r_gcscustomer_account_m i inner join pre_gcscustomer_enrollment_m m on (i.gcs_account_id=m.gcs_Account_id) inner join partner_m pt on (m.telco_code=pt.partner_code) where id= ?
2019-07-19 10:41:35,098 DEBUG (DatabaseTxnConnection.java:36) [main] - | ID:  12345678 	| STATUS_CLIENT: A 	| STATUS_IDENT: A 	| MSISDN: 8095985299 	| IS_PRIMARY: N 	| TELCO: CODETEL/Claro 	
2019-07-19 10:41:35,099 DEBUG (DatabaseTxnConnection.java:36) [main] - | ID:  12345678 	| STATUS_CLIENT: A 	| STATUS_IDENT: A 	| MSISDN: 8094487348 	| IS_PRIMARY: Y 	| TELCO: CODETEL/Claro 	
2019-07-19 10:41:35,100 DEBUG (MainApp.java:27) [main] - 
 ___              _              _____                                       _                    
(  _`\         _ (_ )           (_   _)                                     ( )_  _               
| | ) |   _ _ (_) | |  _   _      | | _ __   _ _   ___    ___    _ _    ___ | ,_)(_)   _     ___  
| | | ) /'_` )| | | | ( ) ( )     | |( '__)/'_` )/' _ `\/',__) /'_` ) /'___)| |  | | /'_`\ /' _ `\
| |_) |( (_| || | | | | (_) |     | || |  ( (_| || ( ) |\__, \( (_| |( (___ | |_ | |( (_) )| ( ) |
(____/'`\__,_)(_)(___)`\__, |     (_)(_)  `\__,_)(_) (_)(____/`\__,_)`\____)`\__)(_)`\___/'(_) (_)
                      ( )_| |                                                                     
                      `\___/'                                                                     
 ___                                    _      
(  _`\                                 ( )_    
| ( (_) _   _  _ __  _ __   __    ___  | ,_)   
| |  _ ( ) ( )( '__)( '__)/'__`\/' _ `\| |     
| (_( )| (_) || |   | |  (  ___/| ( ) || |_    
(____/'`\___/'(_)   (_)  `\____)(_) (_)`\__)

2019-07-19 10:41:35,150 DEBUG (DatabaseTxnConnection.java:49) [main] - prepared query: SELECT ft.msisdn,     a.id,     ft.transaction_date,     tm.transaction_id,     ft.sub_transaction_type,     m.sub_transaction_name,     ft.request_type,     ft.amount,     ft.account_number as Cuenta_bancaria,     tm.status,     ft.response_code,     CASE WHEN ft.transaction_type = '02' THEN bill.customer_identifier         WHEN ft.transaction_type = '03' THEN cast(ft2.msisdn as text)         WHEN ft.transaction_type = '04' THEN ac.card_acptr_name_loc         ELSE cast(ft.msisdn as text) END cuenta_receptora_credito,     CASE WHEN ft.transaction_type = '01' THEN ft.partner_code         WHEN ft.transaction_type = '02' THEN bill.partner_code         WHEN ft.transaction_type = '03' THEN ft2.partner_code         WHEN ft.transaction_type = '04' THEN ac.partner_code         WHEN ft.transaction_type = '05' THEN ft2.partner_code         ELSE ft.partner_code END socio_receptor_credito,     CASE WHEN ft.transaction_type = '01' THEN cast(ft.partner_code as text)         WHEN ft.transaction_type = '02' THEN  cast(bill.billrefrenceno as text)         WHEN ft.transaction_type = '03' THEN ft2.bp_sequenceno         ELSE cast(ft.partner_code as text) END Autorizacion_Credito,     CASE WHEN ft.transaction_type = '01' AND top.topupstatus = 'F' THEN 'S'         WHEN ft.transaction_type = '02' AND bill.status = 'F' THEN 'S'         WHEN ft.sub_transaction_type = '0339' AND bill.status = 'F' THEN 'S'         WHEN (ft.sub_transaction_type IN ('0409', '0410')) AND bill.status = 'F' THEN 'S'         WHEN ft.transaction_type = '04' AND ac.status = 'F' THEN 'S'         WHEN ft2.status = 'F' THEN 'S'         WHEN tm.status = 'F' THEN 'S'         ELSE '-' END AS incomplete     FROM ft_transfer_t_o ft     INNER JOIN transaction_m tm ON (ft.gcs_sequenceno = tm.gcs_Sequenceno)    LEFT JOIN r_gcscustomer_account_m a ON (a.gcs_account_id = ft.gcs_account_id)     LEFT JOIN FT_TRANSFER_T_o ft2 ON (ft.GCS_SEQUENCENO = ft2.GCS_SEQUENCENO AND ft2.REQUEST_TYPE = 'CR')     INNER JOIN m_sub_transaction_types_mp m ON (ft.sub_transaction_type = m.sub_transaction_code)     LEFT JOIN ft_topup_t_o top ON (ft.gcs_sequenceno = top.gcs_sequenceno AND ft.request_type = 'DR')    LEFT JOIN bill_payement_l bill ON (ft.gcs_Sequenceno = bill.gcs_Sequenceno AND ft.request_type = 'DR')     LEFT JOIN FT_AQUIRER_T_O ac ON (ft.GCS_SEQUENCENO = ac.GCS_SEQUENCENO AND ft.REQUEST_TYPE = 'DR') where ft.msisdn = '8296386677' order by ft.transaction_date desc LIMIT 10
2019-07-19 10:41:35,180 DEBUG (DatabaseTxnConnection.java:52) [main] - | MSISDN:  8296386677	| TRANSACTION_DATE:  2019-07-18	| TRANSACTION_ID:  20190718154251548233	| SUB_TRANSACTION_TYPE: 0405	| SUB_TRANSACTION_NAME: Compra en comercio (a traves de tPagoNet) utilizando sus cuentas	| REQUEST_TYPE: DR	| AMOUNT: 500	| ACCOUNT_BANK *****3635	| STATUS: F	| RESPONSE_CODE: 0000	| ACCOUNT_RECEIVED_CREDIT: MERCHANT: 10042	| AUTHORIZED_CREDIT: 5	| SOC_RECEIVED_CREDIT: 6	| IS_COMPLETE: S	
----------------------------  ***  ----------------------------

2019-07-19 10:41:35,180 DEBUG (DatabaseTxnConnection.java:52) [main] - | MSISDN:  8296386677	| TRANSACTION_DATE:  2019-07-18	| TRANSACTION_ID:  20190718154054120334	| SUB_TRANSACTION_TYPE: 0405	| SUB_TRANSACTION_NAME: Compra en comercio (a traves de tPagoNet) utilizando sus cuentas	| REQUEST_TYPE: DR	| AMOUNT: 500	| ACCOUNT_BANK *****3635	| STATUS: F	| RESPONSE_CODE: 0000	| ACCOUNT_RECEIVED_CREDIT: MERCHANT: 10042	| AUTHORIZED_CREDIT: 5	| SOC_RECEIVED_CREDIT: 6	| IS_COMPLETE: S	
----------------------------  ***  ----------------------------

2019-07-19 10:41:35,181 DEBUG (DatabaseTxnConnection.java:52) [main] - | MSISDN:  8296386677	| TRANSACTION_DATE:  2019-07-18	| TRANSACTION_ID:  20190718151531627667	| SUB_TRANSACTION_TYPE: 0405	| SUB_TRANSACTION_NAME: Compra en comercio (a traves de tPagoNet) utilizando sus cuentas	| REQUEST_TYPE: DR	| AMOUNT: 500	| ACCOUNT_BANK *****3635	| STATUS: F	| RESPONSE_CODE: 9710	| ACCOUNT_RECEIVED_CREDIT: MERCHANT: 10042	| AUTHORIZED_CREDIT: 5	| SOC_RECEIVED_CREDIT: 6	| IS_COMPLETE: S	
----------------------------  ***  ----------------------------

2019-07-19 10:41:35,182 DEBUG (DatabaseTxnConnection.java:52) [main] - | MSISDN:  8296386677	| TRANSACTION_DATE:  2019-07-18	| TRANSACTION_ID:  20190718151333235748	| SUB_TRANSACTION_TYPE: 0405	| SUB_TRANSACTION_NAME: Compra en comercio (a traves de tPagoNet) utilizando sus cuentas	| REQUEST_TYPE: DR	| AMOUNT: 500	| ACCOUNT_BANK *****3635	| STATUS: F	| RESPONSE_CODE: 9710	| ACCOUNT_RECEIVED_CREDIT: MERCHANT: 10042	| AUTHORIZED_CREDIT: 5	| SOC_RECEIVED_CREDIT: 6	| IS_COMPLETE: S	
----------------------------  ***  ----------------------------

2019-07-19 10:41:35,182 DEBUG (DatabaseTxnConnection.java:52) [main] - | MSISDN:  8296386677	| TRANSACTION_DATE:  2019-07-17	| TRANSACTION_ID:  20190717172520313418	| SUB_TRANSACTION_TYPE: 0405	| SUB_TRANSACTION_NAME: Compra en comercio (a traves de tPagoNet) utilizando sus cuentas	| REQUEST_TYPE: DR	| AMOUNT: 500	| ACCOUNT_BANK *****3635	| STATUS: F	| RESPONSE_CODE: 9710	| ACCOUNT_RECEIVED_CREDIT: MERCHANT: 10042	| AUTHORIZED_CREDIT: 5	| SOC_RECEIVED_CREDIT: 6	| IS_COMPLETE: S	
----------------------------  ***  ----------------------------

2019-07-19 10:41:35,183 DEBUG (DatabaseTxnConnection.java:52) [main] - | MSISDN:  8296386677	| TRANSACTION_DATE:  2019-07-17	| TRANSACTION_ID:  20190717172218886188	| SUB_TRANSACTION_TYPE: 0405	| SUB_TRANSACTION_NAME: Compra en comercio (a traves de tPagoNet) utilizando sus cuentas	| REQUEST_TYPE: DR	| AMOUNT: 500	| ACCOUNT_BANK *****3635	| STATUS: F	| RESPONSE_CODE: 9710	| ACCOUNT_RECEIVED_CREDIT: MERCHANT: 10042	| AUTHORIZED_CREDIT: 5	| SOC_RECEIVED_CREDIT: 6	| IS_COMPLETE: S	
----------------------------  ***  ----------------------------

2019-07-19 10:41:35,183 DEBUG (DatabaseTxnConnection.java:52) [main] - | MSISDN:  8296386677	| TRANSACTION_DATE:  2019-07-17	| TRANSACTION_ID:  20190717155616768113	| SUB_TRANSACTION_TYPE: 0405	| SUB_TRANSACTION_NAME: Compra en comercio (a traves de tPagoNet) utilizando sus cuentas	| REQUEST_TYPE: DR	| AMOUNT: 500	| ACCOUNT_BANK *****3635	| STATUS: F	| RESPONSE_CODE: 9710	| ACCOUNT_RECEIVED_CREDIT: MERCHANT: 10042	| AUTHORIZED_CREDIT: 5	| SOC_RECEIVED_CREDIT: 6	| IS_COMPLETE: S	
----------------------------  ***  ----------------------------

2019-07-19 10:41:35,184 DEBUG (DatabaseTxnConnection.java:52) [main] - | MSISDN:  8296386677	| TRANSACTION_DATE:  2019-07-10	| TRANSACTION_ID:  20190710123049052614	| SUB_TRANSACTION_TYPE: 0306	| SUB_TRANSACTION_NAME: Transferencia a un afiliado entre bancos diferentes	| REQUEST_TYPE: DR	| AMOUNT: 200	| ACCOUNT_BANK *****3635	| STATUS: S	| RESPONSE_CODE: 0000	| ACCOUNT_RECEIVED_CREDIT: 8298679985	| AUTHORIZED_CREDIT: 404895	| SOC_RECEIVED_CREDIT: 44	| IS_COMPLETE: -	
----------------------------  ***  ----------------------------

2019-07-19 10:41:35,184 DEBUG (DatabaseTxnConnection.java:52) [main] - | MSISDN:  8296386677	| TRANSACTION_DATE:  2019-07-10	| TRANSACTION_ID:  20190710115724186832	| SUB_TRANSACTION_TYPE: 0306	| SUB_TRANSACTION_NAME: Transferencia a un afiliado entre bancos diferentes	| REQUEST_TYPE: DR	| AMOUNT: 350	| ACCOUNT_BANK *****3635	| STATUS: S	| RESPONSE_CODE: 0000	| ACCOUNT_RECEIVED_CREDIT: 8298679985	| AUTHORIZED_CREDIT: 748508	| SOC_RECEIVED_CREDIT: 44	| IS_COMPLETE: -	
----------------------------  ***  ----------------------------

2019-07-19 10:41:35,185 DEBUG (DatabaseTxnConnection.java:52) [main] - | MSISDN:  8296386677	| TRANSACTION_DATE:  2019-07-10	| TRANSACTION_ID:  20190710115501016886	| SUB_TRANSACTION_TYPE: 0306	| SUB_TRANSACTION_NAME: Transferencia a un afiliado entre bancos diferentes	| REQUEST_TYPE: DR	| AMOUNT: 500	| ACCOUNT_BANK *****3635	| STATUS: S	| RESPONSE_CODE: 0000	| ACCOUNT_RECEIVED_CREDIT: 8298679985	| AUTHORIZED_CREDIT: 294511	| SOC_RECEIVED_CREDIT: 44	| IS_COMPLETE: -	
----------------------------  ***  ----------------------------

